/web/20231214084925/https://example.com/
/web/20231214094431/https://lambda-online.de/
/web/20231214103123/https://www.redi-lgbti.org/
/web/20231214103205/https://www.redi-lgbti.org/12-claves-para-entender-y-gestionar-la-diversidad-lgtbi-en-la-empresa
/web/20231214103203/https://www.redi-lgbti.org/aviso-legal
/web/20231214103212/https://www.redi-lgbti.org/encuentro-de-chapter-pymes-de-redi
/web/20231214103215/https://www.redi-lgbti.org/la-gestion-de-la-diversidad-lgbti-en-espana-2023-conclusiones
/web/20231214103218/https://www.redi-lgbti.org/gestion-de-la-diversidad-lgbt-en-espana-bbva-redi-y-pacto-mundial-de-la-onu-espana
/web/20231214103220/https://www.redi-lgbti.org/cuarto-encuentro-redi-to-connect-employees
/web/20231214103208/https://www.redi-lgbti.org/quienes-somos
/web/20231214103212/https://www.redi-lgbti.org/asociadas
/web/20231214103324/https://www.redi-lgbti.org/politica-de-privacidad
/web/20231214103320/https://www.redi-lgbti.org/iii-edicion-encuentro-global-de-top-lideres-en-inclusion
/web/20231214103330/https://www.redi-lgbti.org/actualidad
/web/20231214103331/https://www.redi-lgbti.org/publicaciones
/web/20231214103334/https://www.redi-lgbti.org/politica-de-cookies
/web/20231214103326/https://www.redi-lgbti.org/contacto
/web/20231214103328/https://www.redi-lgbti.org/asociate
/web/20231214103610/https://www.redi-lgbti.org/redi-participa-en-el-evento-forbesdv19
/web/20231214103612/https://www.redi-lgbti.org/author/aboutgrand
/web/20231214103614/https://www.redi-lgbti.org/category/eventos
/web/20231214103622/https://www.redi-lgbti.org/category/noticias
/web/20231214103626/https://www.redi-lgbti.org/2019/02
/web/20231214103732/https://www.redi-lgbti.org/2023/10
/web/20231214103732/https://www.redi-lgbti.org/wp-content/uploads/2023/11/Informe-Gestion-de-la-diversidad-LGBT-en-Espana-5.pdf
/web/20231214103729/https://www.redi-lgbti.org/author/oscar-munoz
/web/20231214103617/https://www.redi-lgbti.org/dia-de-la-visibilidad-lesbica
/web/20231214103808/https://www.redi-lgbti.org/wp-content/uploads/2023/11/NDP-Gestion-de-la-diversidad-LGBTI-1.pdf
/web/20231214103620/https://www.redi-lgbti.org/tag/fashion-2
/web/20231214103744/https://www.redi-lgbti.org/10a-edicion-del-barcelona-international-community-day
/web/20231214103816/https://www.redi-lgbti.org/principios-de-actuacion-y-buenas-practicas-en-materia-lgtbi
/web/20231214103821/https://www.redi-lgbti.org/2023/11
/web/20231214103808/https://www.redi-lgbti.org/2023/12
/web/20231214103901/https://www.redi-lgbti.org/tercer-encuentro-redi-to-connect-employees
/web/20231214103936/https://www.youtube.com/embed/y8HuYgw_XAs?controls=1&rel=0&playsinline=0&modestbranding=0&autoplay=1&enablejsapi=1&origin=https%3A%2F%2Fwww.redi-lgbti.org&widgetid=1
/web/20231214103925/https://www.redi-lgbti.org/actualidad/page/8
/web/20231214104003/https://www.redi-lgbti.org/2023/07
/web/20231214103930/https://www.redi-lgbti.org/actualidad/page/4
/web/20231214103123/https://www.redi-lgbti.org/
/web/20231214103840/https://www.redi-lgbti.org/ya-puedes-ver-las-fotos-del-afterwork-chapter-legal-de-redi
/web/20231214104208/https://www.redi-lgbti.org/2023/06
/web/20231214104132/https://www.redi-lgbti.org/top-lgbti-lideres-de-espana
/web/20231214104337/https://www.redi-lgbti.org/organizamos-el-evento-redi-to-embrace-en-el-contexto-del-orgullo-lgtbi
/web/20231214104340/https://www.redi-lgbti.org/2019/07
/web/20231214104342/https://www.redi-lgbti.org/2019/06
/web/20231214104344/https://www.redi-lgbti.org/2019/11
/web/20231214104348/https://www.redi-lgbti.org/2019/10
/web/20231214104332/https://www.redi-lgbti.org/2019/01
/web/20231214104334/https://www.redi-lgbti.org/videoresumen-te-perdiste-redi-to-connect
/web/20231214104437/https://www.redi-lgbti.org/participamos-en-las-manifestaciones-del-orgullo-de-barcelona-29-de-junio-y-madrid-6-de-julio
/web/20231214104518/https://www.redi-lgbti.org/category/eventos/page/4
/web/20231214104450/https://www.redi-lgbti.org/author/aboutgrand/page/2
/web/20231214104455/https://www.redi-lgbti.org/asamblea-general-redi
/web/20231214104504/https://www.redi-lgbti.org/2019/04
/web/20231214104458/https://www.redi-lgbti.org/category/eventos/page/6
/web/20231214104453/https://www.redi-lgbti.org/redi-interviene-en-tve-durante-el-dia-de-la-salida-del-armario
/web/20231214104737/https://www.redi-lgbti.org/category/eventos/page/3
/web/20231214104914/https://www.redi-lgbti.org/2023/04
/web/20231214104928/https://www.redi-lgbti.org/chapter-legal-ley-lgbti-y-trans-4-2023-impacto-y-oportunidades-para-las-empresas
/web/20231214104633/https://www.redi-lgbti.org/evento-vivir-como-lesbianas
/web/20231214104941/https://www.redi-lgbti.org/desayuno-de-buenas-practicas-asociadas-redi-cataluna
/web/20231214105015/https://www.redi-lgbti.org/2023/05
/web/20231214105021/https://www.redi-lgbti.org/ii-informe-diversity-at-work-el-colectivo-lgtbqi-en-la-empresa-espanola-de-manpowergroup
/web/20231214105029/https://www.redi-lgbti.org/author/oscar-munoz/page/4
/web/20231214105018/https://www.redi-lgbti.org/informe-discurso-de-odio-y-orgullo-lgtbiq-en-la-conversacion-digital-de-llyc
/web/20231214105023/https://www.redi-lgbti.org/nos-asociamos-con-eglcc-y-promovemos-la-supplier-diversity
/web/20231214105127/https://www.redi-lgbti.org/author/oscar-munoz/page/2
/web/20231214105017/https://www.redi-lgbti.org/category/noticias/page/2
/web/20231214105117/https://www.redi-lgbti.org/
/web/20231214105142/https://www.redi-lgbti.org/especial-dia-de-la-visibilidad-trans
/web/20231214105027/https://www.redi-lgbti.org/category/noticias/page/3
/web/20231214105211/https://accounts.google.com/v3/signin/identifier?continue=https%3A%2F%2Fwww.youtube.com%2Fsignin%3Faction_handle_signin%3Dtrue%26app%3Ddesktop%26hl%3Den%26next%3D%252Fsignin_passive%26feature%3Dpassive&hl=en&ifkv=ASKXGp0vYz0mz1FUBGEEUSAD1VOwIQ-Pf3ZbJT0bkZB7JrlStWt9ERwp5moOW-BHjMOwuC5xz2Ok&passive=true&service=youtube&uilel=3&flowName=GlifWebSignIn&flowEntry=ServiceLogin&dsh=S-1710281819%3A1702551131074406&theme=glif
/web/20231214103330/https://www.redi-lgbti.org/actualidad
/web/20231214105258/https://www.redi-lgbti.org/videoresumen-se-presentan-en-espana-los-principios-de-conducta-de-naciones-unidas-contra-la-discriminacion-laboral-de-las-personas-lgtbi
/web/20231214105118/https://www.redi-lgbti.org/lgbti-diversity-inclusion-in-the-workplace
/web/20231214105338/https://www.redi-lgbti.org/las-empresas-se-unen-en-el-orgullo-2018-para-la-inclusion-laboral-del-colectivo-lgbti
/web/20231214105142/https://www.redi-lgbti.org/2023/03
/web/20231214105418/https://www.redi-lgbti.org/2018/11
/web/20231214105322/https://www.redi-lgbti.org/2018/09
/web/20231214105452/https://www.redi-lgbti.org/2018/07
/web/20231214105514/https://www.redi-lgbti.org/la-ceoe-firma-un-acuerdo-de-colaboracion-con-redi
/web/20231214105454/https://www.redi-lgbti.org/mas-de-35-empresas-e-instituciones-ya-forman-parte-de-redi
/web/20231214105517/https://www.redi-lgbti.org/actualidad/page/7
/web/20231214105415/https://www.redi-lgbti.org/actualidad/page/5
/web/20231214105415/https://www.redi-lgbti.org/2018/08
/web/20231214105403/https://www.redi-lgbti.org/redi-se-presenta-como-la-primera-y-unica-asociacion-de-empresas-y-profesionales-por-la-diversidad-e-inclusion-lgbti-en-espana
/web/20231214105634/https://www.redi-lgbti.org/2022/03
/web/20231214105632/https://www.redi-lgbti.org/actualidad/page/6
/web/20231214105632/https://www.redi-lgbti.org/orgullo-lgbti-madrid-2023
/web/20231214105745/https://www.redi-lgbti.org/deporte-inclusivo-y-diversidad-lgbti-30-anos-despues-de-los-juegos-olimpicos-de-barcelona92
/web/20231214105747/https://www.redi-lgbti.org/2022/04
/web/20231214105743/https://www.redi-lgbti.org/2022/02
/web/20231214105620/https://www.redi-lgbti.org/2018/10
/web/20231214105810/https://www.redi-lgbti.org/evento-personas-diversas-organizaciones-diversas-18-de-noviembre-a-las-16h
/web/20231214105751/https://www.redi-lgbti.org/las-empresas-motor-para-la-lucha-contra-la-discriminacion-por-motivos-de-orientacion-sexual
/web/20231214105805/https://www.redi-lgbti.org/2022/06
/web/20231214105740/https://www.redi-lgbti.org/primer-networking-presencial-redi-to-connect-employees
/web/20231214105838/https://www.redi-lgbti.org/redi-to-embrace-el-sector-financiero-y-la-diversidad-hacia-un-liderazgo-inclusivo
/web/20231214105812/https://www.redi-lgbti.org/el-triunfo-de-la-diversidad-celebra-el-5o-aniversario-de-redi
/web/20231214110104/https://www.redi-lgbti.org/conmemoramos-el-dia-de-la-visibilidad-trans-en-el-evento-redi-to-inspire
/web/20231214110108/https://www.redi-lgbti.org/la-diversidad-lgtb-en-el-contexto-laboral-en-espana
/web/20231214110056/https://www.redi-lgbti.org/webinar-implicaciones-de-la-ley-lgbti-y-trans-4-2023-para-las-empresas
/web/20231214110121/https://www.redi-lgbti.org/save-the-date-redi-to-connect-en-madrid-y-barcelona
/web/20231214110144/https://accounts.google.com/v3/signin/identifier?continue=https%3A%2F%2Fwww.youtube.com%2Fsignin%3Faction_handle_signin%3Dtrue%26app%3Ddesktop%26hl%3Den%26next%3D%252Fsignin_passive%26feature%3Dpassive&hl=en&ifkv=ASKXGp1y71cXJLtMirbvvDKAvkShBgndK1t_vwzZHYgXgwaxc5qh9c5WaNSVsa3xnL13tXGQqCRK5g&passive=true&service=youtube&uilel=3&flowName=GlifWebSignIn&flowEntry=ServiceLogin&dsh=S386233241%3A1702551704595094&theme=glif
/web/20231214110124/https://www.redi-lgbti.org/2018/12
/web/20231214110125/https://accounts.google.com/v3/signin/identifier?continue=https%3A%2F%2Fwww.youtube.com%2Fsignin%3Faction_handle_signin%3Dtrue%26app%3Ddesktop%26hl%3Den%26next%3D%252Fsignin_passive%26feature%3Dpassive&hl=en&ifkv=ASKXGp29yJnyU5zKvGrIWZYgAEkCj799vlCVHL9zgIET73zRKrNpTP1XYo8s9cjqec0M8jUn6FLZMA&passive=true&service=youtube&uilel=3&flowName=GlifWebSignIn&flowEntry=ServiceLogin&dsh=S84734751%3A1702551685485986&theme=glif
/web/20231214110132/https://www.redi-lgbti.org/chapter-legal-libertad-de-expresion-y-respeto-de-los-derechos-de-las-minorias-miercoles-19-de-mayo
/web/20231214110248/https://www.redi-lgbti.org/2021/03
/web/20231214110222/https://www.redi-lgbti.org/redi-mygwork-y-el-proyecto-ambar-de-la-fundacion-26-de-diciembre-unen-fuerzas-y-presentan-su-estrategia-conjunta-para-la-inclusion-sociolaboral-de-las-personas-trans
/web/20231214110316/https://www.redi-lgbti.org/2021/06
/web/20231214110059/https://www.redi-lgbti.org/evento-en-bcn-di-lgbti-y-planes-de-diversidad-en-el-ambito-empresarial
/web/20231214110227/https://www.redi-lgbti.org/empresas-saludables-y-diversidad-en-un-entorno-cambiante-madrid-1-de-julio-a-las-16h
/web/20231214110230/https://www.redi-lgbti.org/2020/12
/web/20231214110337/https://www.redi-lgbti.org/redi-to-connect-employees-inspira-comparte-transforma-para-conectar-a-los-grupos-de-empleadxs-lgbti-y-aliadxs-de-nuestras-empresas-asociadas-online-21-de-junio-de-16h-a-17
/web/20231214110311/https://www.redi-lgbti.org/evento-empresas-publicas-y-diversidad-lgbti-en-el-ministerio-de-transportes-movilidad-y-agenda-urbana
/web/20231214110347/https://www.redi-lgbti.org/celebramos-el-orgullo-en-barcelona-con-nuestro-evento-familias-empresas-y-diversidad-lgbti
/web/20231214110359/https://www.redi-lgbti.org/redi-to-learn-buenas-practicas-para-la-inclusion-de-las-personas-trans-en-la-empresa
/web/20231214110428/https://www.redi-lgbti.org/category/eventos/page/5
/web/20231214110207/https://www.redi-lgbti.org/pg-bbva-y-endemol-shine-nos-cuentan-como-las-empresas-pueden-ser-motores-del-cambio-social
/web/20231214110501/https://www.redi-lgbti.org/2021/10
/web/20231214110449/https://www.redi-lgbti.org/jornada-impulsando-buenas-practicas-corporativas-en-diversidad-e-inclusion-lgbti
/web/20231214110450/https://www.redi-lgbti.org/celebramos-el-dia-internacional-de-la-mujer-con-nuestro-webinar-sobre-diversidad-transversal-mujer-lesbiana-y-bisexual
/web/20231214110609/https://www.redi-lgbti.org/autodiagnostico-de-la-gestion-de-la-diversidad-lgbti-en-la-empresa
/web/20231214110454/https://www.redi-lgbti.org/redi-en-la-manifestacion-del-orgullo-lgtbi-2022
/web/20231214110611/https://www.redi-lgbti.org/primer-listado-de-profesionales-y-aliadxs-de-la-diversidad-lgbti
/web/20231214110452/https://www.redi-lgbti.org/2022/05
/web/20231214110728/https://www.redi-lgbti.org/presentacion-del-informe-companias-y-diversidad-lgtbiq-en-la-conversacion-digital
/web/20231214110732/https://www.redi-lgbti.org/author/oscar-munoz/page/5
/web/20231214110458/https://www.redi-lgbti.org/legal-chapter-diversidad-lgbti-en-el-sector-legal-rompiendo-tabues-y-deshaciendo-mitos
/web/20231214110729/https://www.redi-lgbti.org/2022/10
/web/20231214110807/https://www.redi-lgbti.org/diversidad-transversal-empleo-y-personas-lgtbi-con-discapacidad
/web/20231214110716/https://www.redi-lgbti.org/dia-de-la-visibilidad-lesbica-2022
/web/20231214110809/https://www.redi-lgbti.org/referentes-bisexuales-visibles-en-las-asociadas-a-redi
/web/20231214110802/https://www.redi-lgbti.org/participa-en-nuestro-estudio-sobre-la-gestion-de-la-di-lgbti-en-las-empresas-en-espana
/web/20231214110833/https://www.redi-lgbti.org/redi-y-mwcc-firman-protocolo-de-colaboracion
/web/20231214110923/https://www.redi-lgbti.org/category/noticias/page/4
/web/20231214110924/https://www.redi-lgbti.org/2021/02
/web/20231214110838/https://www.redi-lgbti.org/celebramos-nuestros-4-anos-compartiendo-nuestro-video-de-logros-de-2021
/web/20231214105117/https://www.redi-lgbti.org/
/web/20231214111006/https://www.redi-lgbti.org/wp-content/uploads/2023/03/Diapositiva3-2.png
/web/20231214110945/https://www.redi-lgbti.org/2022/11
/web/20231214111021/https://www.redi-lgbti.org/wp-content/uploads/2023/03/Diapositiva7-2.png
/web/20231214110921/https://www.redi-lgbti.org/transparentes
/web/20231214111030/https://www.redi-lgbti.org/wp-content/uploads/2023/03/Diapositiva6-2.png
/web/20231214110921/https://www.redi-lgbti.org/redi-se-adhiere-formalmente-a-la-iniciativa-empresas-responsables-con-el-vih-que-promueve-trabajando-en-positivo
/web/20231214111049/https://www.redi-lgbti.org/wp-content/uploads/2023/03/Diapositiva2-3.png
/web/20231214111055/https://www.redi-lgbti.org/wp-content/uploads/2023/03/Diapositiva9-2.png
/web/20231214111053/https://www.redi-lgbti.org/el-camino-hacia-la-inclusion-laboral-de-las-personas-trans-el-30-de-marzo-en-madrid
/web/20231214111100/https://www.redi-lgbti.org/wp-content/uploads/2023/03/Diapositiva1-2.png
/web/20231214111145/https://www.redi-lgbti.org/2019/12
/web/20231214111147/https://www.redi-lgbti.org/2020/06
/web/20231214111143/https://www.redi-lgbti.org/firmamos-un-protocolo-de-colaboracion-con-el-mitma-y-sus-entidades-y-empresas-dependientes
/web/20231214111156/https://www.redi-lgbti.org/mas-de-50-personas-participaron-en-nuestro-segundo-taller-de-formacion-on-line-para-asociados-redi-to-learn
/web/20231214111210/https://www.redi-lgbti.org/decalogo-redi-de-buenas-practicas-para-favorecer-la-inclusion-laboral-en-tiempos-del-covid-19
/web/20231214111151/https://www.redi-lgbti.org/2020/04
/web/20231214111253/https://www.redi-lgbti.org/que-es-redi
/web/20231214111258/https://www.youtube.com/cspreport
/web/20231214111256/https://www.redi-lgbti.org/todo-el-equipo-de-redi-te-desea-felices-fiestas-2
/web/20231214111349/https://www.redi-lgbti.org/redi-renueva-su-junta-directiva-para-los-proximos-tres-anos
/web/20231214111337/https://www.redi-lgbti.org/nos-despedimos-del-2020-felicitando-las-fiestas-con-un-video-resumen-de-los-logros-conseguidos
/web/20231214111340/https://www.redi-lgbti.org/actualidad/page/3
/web/20231214111413/https://www.redi-lgbti.org/redi-to-embrace-diversidad-lgbti-en-las-empresas-publicas
/web/20231214111415/https://www.redi-lgbti.org/2020/01
/web/20231214111502/https://www.redi-lgbti.org/axa-oracle-y-repsol-comparten-sus-mejores-practicas-para-la-gestion-de-la-di-lgbti-en-las-empresas
/web/20231214111457/https://www.redi-lgbti.org/lanzamos-nuestra-campana-enlaempresacomoencasa-en-favor-de-las-empresas-sin-armarios
/web/20231214111316/https://www.redi-lgbti.org/actualidad/page/2
/web/20231214111505/https://www.redi-lgbti.org/conmemoramos-el-orgullo-lgbti-dando-la-bienvenida-a-nuevas-empresas-asociadas-y-con-nuestro-primer-networking-virtual
/web/20231214111542/https://www.redi-lgbti.org/redi-celebra-su-primer-encuentro-global-de-los-top-lideres-en-inclusion
/web/20231214111413/https://www.redi-lgbti.org/redi-to-embrace-dedicado-a-la-igualdad-y-los-derechos-humanos-en-las-empresas
/web/20231214111605/https://www.redi-lgbti.org/wp-content/uploads/2022/05/07042022_RTCE-14-scaled.jpg
/web/20231214111606/https://www.redi-lgbti.org/wp-content/uploads/2022/05/07042022_RTCE-4-scaled.jpg
/web/20231214111458/https://www.redi-lgbti.org/2020/07
/web/20231214111708/https://www.redi-lgbti.org/wp-content/uploads/2022/05/07042022_RTCE-73-scaled.jpg
/web/20231214111711/https://www.redi-lgbti.org/wp-content/uploads/2022/05/07042022_RTCE-42-scaled.jpg
/web/20231214111716/https://www.redi-lgbti.org/wp-content/uploads/2022/05/07042022_RTCE-80-scaled.jpg
/web/20231214111718/https://www.redi-lgbti.org/wp-content/uploads/2022/05/07042022_RTCE-21-scaled.jpg
/web/20231214111714/https://www.redi-lgbti.org/wp-content/uploads/2022/05/07042022_RTCE-17-scaled.jpg
/web/20231214111817/https://www.redi-lgbti.org/2020/03
/web/20231214111822/https://www.redi-lgbti.org/2021/07
/web/20231214111811/https://www.redi-lgbti.org/author/oscar-munoz/page/7
/web/20231214111815/https://www.redi-lgbti.org/author/cristina-moreno
/web/20231214111837/https://www.redi-lgbti.org/2021/04
/web/20231214111835/https://www.redi-lgbti.org/lanzamos-nuestro-primer-taller-de-formacion-on-line-redi-to-learn-para-asociados
/web/20231214111810/https://www.redi-lgbti.org/wp-content/uploads/2023/03/Diapositiva5-2.png
/web/20231214112008/https://www.redi-lgbti.org/2020/10
/web/20231214112020/https://www.redi-lgbti.org/tag/redi-to-learn
/web/20231214112051/https://www.redi-lgbti.org/presentacion-comite-lgbti-del-icam
/web/20231214112048/https://www.redi-lgbti.org/evento-orgullo-mitma
/web/20231214112015/https://www.redi-lgbti.org/kpmg-sap-vodafone-y-aiwin-comparten-sus-conocimientos-sobre-gestion-de-sesgos-inconscientes
/web/20231214112013/https://www.redi-lgbti.org/videoresumen-te-perdiste-el-evento-redi-to-embrace-del-27-de-febrero
/web/20231214112159/https://www.redi-lgbti.org/author/oscar-munoz/page/6
/web/20231214112156/https://www.redi-lgbti.org/author/oscar-munoz/page/3
/web/20231214112041/https://www.redi-lgbti.org/redi-for-barcelona
/web/20231214112308/https://www.redi-lgbti.org/2022/09
/web/20231214112303/https://www.redi-lgbti.org/author/oscar-munoz/page/8
/web/20231214112341/https://www.redi-lgbti.org/wp-content/uploads/2022/04/4-2.png
/web/20231214112235/https://www.redi-lgbti.org/segundo-encuentro-de-networking-redi-to-connect-employees
/web/20231214112458/https://www.redi-lgbti.org/wp-content/uploads/2022/04/12-2.png
/web/20231214112328/https://www.redi-lgbti.org/2021/12
/web/20231214112344/https://www.redi-lgbti.org/wp-content/uploads/2022/04/mujeres-REDI-6.png
/web/20231214112600/https://www.redi-lgbti.org/wp-content/uploads/2022/04/9-2.png
/web/20231214112602/https://www.redi-lgbti.org/wp-content/uploads/2022/04/8-2.png
/web/20231214112605/https://www.redi-lgbti.org/wp-content/uploads/2022/04/15-2.png
/web/20231214112608/https://www.redi-lgbti.org/wp-content/uploads/2022/04/3-2.png
/web/20231214112633/https://www.redi-lgbti.org/wp-content/uploads/2022/04/mujeres-REDI-4-1.png
/web/20231214112613/https://www.redi-lgbti.org/wp-content/uploads/2022/04/mujeres-REDI-5-1.png
/web/20231214112514/https://www.redi-lgbti.org/wp-content/uploads/2022/04/19.png
/web/20231214112616/https://www.redi-lgbti.org/wp-content/uploads/2022/04/mujeres-REDI-3-1.png
/web/20231214112619/https://www.redi-lgbti.org/wp-content/uploads/2022/04/10-2.png
/web/20231214112312/https://www.redi-lgbti.org/wp-content/uploads/2022/04/2-2.png
/web/20231214112713/https://www.redi-lgbti.org/wp-content/uploads/2022/09/16.png
/web/20231214112713/https://www.redi-lgbti.org/wp-content/uploads/2022/09/6-1.png
/web/20231214112714/https://www.redi-lgbti.org/wp-content/uploads/2022/09/Bisexualidad-REDI-4-1.png
/web/20231214112736/https://www.redi-lgbti.org/wp-content/uploads/2022/09/1-1.png
/web/20231214112737/https://www.redi-lgbti.org/wp-content/uploads/2022/09/10-1.png
/web/20231214112740/https://www.redi-lgbti.org/wp-content/uploads/2022/09/7-1.png
/web/20231214112823/https://www.redi-lgbti.org/wp-content/uploads/2022/09/Bisexualidad-REDI-5-1.png
/web/20231214112823/https://www.redi-lgbti.org/wp-content/uploads/2022/09/4-1.png
/web/20231214112825/https://www.redi-lgbti.org/wp-content/uploads/2022/09/5-1.png
/web/20231214112828/https://www.redi-lgbti.org/wp-content/uploads/2022/09/11-1.png
/web/20231214112913/https://www.redi-lgbti.org/wp-content/uploads/2020/06/Ficha-REDI-to-Learn-Tema-2-Las-encuestas-de-Empleados.pdf
/web/20231214112835/https://www.redi-lgbti.org/redi-celebra-su-segundo-encuentro-global-de-los-top-lideres-en-inclusion
/web/20231214112836/https://www.redi-lgbti.org/wp-content/uploads/2020/07/200629-NP-Abalos-firma-protocolo-REDI.docx
/web/20231214112933/https://www.redi-lgbti.org/videoresumen-te-perdiste-el-evento-redi-to-inspire-del-19-de-noviembre
/web/20231214112939/https://www.redi-lgbti.org/2022/07
/web/20231214112941/https://www.redi-lgbti.org/2022/12
/web/20231214112912/https://accounts.google.com/v3/signin/identifier?continue=https%3A%2F%2Fwww.youtube.com%2Fsignin%3Faction_handle_signin%3Dtrue%26app%3Ddesktop%26hl%3Den%26next%3D%252Fsignin_passive%26feature%3Dpassive&hl=en&ifkv=ASKXGp2oUcnsqYkfjOzv8OqWAwp-oDYHdpRY1IVMdMYsAgqxql8aFlEACwQRsv9STdfUL1r2aacE&passive=true&service=youtube&uilel=3&flowName=GlifWebSignIn&flowEntry=ServiceLogin&dsh=S504071190%3A1702553352170875&theme=glif
/web/20231214112944/https://www.redi-lgbti.org/tag/eventos-redi
/web/20231214112934/https://www.redi-lgbti.org/gracias-a-todos-los-que-habeis-participado-en-la-campana-enlaempresacomoencasa
/web/20231214112940/https://www.redi-lgbti.org/2023/02
/web/20231214103729/https://www.redi-lgbti.org/author/oscar-munoz
/web/20231214113130/https://www.redi-lgbti.org/wp-content/uploads/2020/07/Ficha-REDI-to-Learn-Tema-3-Los-sesgos-inconscientes-v3.pdf
/web/20231214113127/https://www.redi-lgbti.org/wp-content/uploads/2020/04/Ficha-REDI-to-Learn-Redes-de-Empleados-y-Aliados-v5.pdf
/web/20231214113219/https://accounts.google.com/v3/signin/identifier?continue=https%3A%2F%2Fwww.youtube.com%2Fsignin%3Faction_handle_signin%3Dtrue%26app%3Ddesktop%26hl%3Den%26next%3D%252Fsignin_passive%26feature%3Dpassive&hl=en&ifkv=ASKXGp07kDDaTxmkg0NyZVNNBpMU8T7CzlohZg4KEIIz_6lRU9wdFiBaE41Ha_n9ZH1RH8TXWYadFA&passive=true&service=youtube&uilel=3&flowName=GlifWebSignIn&flowEntry=ServiceLogin&dsh=S-570350716%3A1702553539423312&theme=glif
/web/20231214113224/https://www.youtube.com/embed/u5Il1qdWnsk?controls=1&rel=0&playsinline=0&modestbranding=0&autoplay=1&enablejsapi=1&origin=https%3A%2F%2Fwww.redi-lgbti.org&widgetid=1
/web/20231214113309/https://accounts.google.com/v3/signin/identifier?continue=https%3A%2F%2Fwww.youtube.com%2Fsignin%3Faction_handle_signin%3Dtrue%26app%3Ddesktop%26hl%3Den%26next%3D%252Fsignin_passive%26feature%3Dpassive&hl=en&ifkv=ASKXGp0pNE4T-EIPeh-7GBH6yTNNjOAWFnVQLcf_U-qVqyY8o08QdR_3ycaIy1mis6sXDEayPmnQYw&passive=true&service=youtube&uilel=3&flowName=GlifWebSignIn&flowEntry=ServiceLogin&dsh=S-402604372%3A1702553589402014&theme=glif
