2023-12-14 18:43:14 https://forummuenchen.org
The same snapshot had been made 9 hours, 40 minutes ago. You can make new capture of this URL after 730 hours, 30 minutes.
2023-12-14 18:52:38 http://www.blsj.de/
The same snapshot had been made 94 hours, 24 minutes ago. You can make new capture of this URL after 730 hours, 30 minutes.
2023-12-14 18:52:42 https://www.lusbd.de/
The same snapshot had been made 104 hours, 6 minutes ago. You can make new capture of this URL after 730 hours, 30 minutes.
2023-12-14 18:52:44 http://www.centaurus.org/
The same snapshot had been made 73 hours, 36 minutes ago. You can make new capture of this URL after 730 hours, 30 minutes.
2023-12-14 18:52:48 https://transmann.de/
The same snapshot had been made 79 hours, 11 minutes ago. You can make new capture of this URL after 730 hours, 30 minutes.
2023-12-14 18:52:49 http://www.transinterqueer.org/
The same snapshot had been made 78 hours, 58 minutes ago. You can make new capture of this URL after 730 hours, 30 minutes.
2023-12-14 18:52:52 https://www.bundesverband-trans.de/
The same snapshot had been made 76 hours, 25 minutes ago. You can make new capture of this URL after 730 hours, 30 minutes.
2023-12-14 18:52:53 https://ngvt.nrw/
The same snapshot had been made 74 hours, 7 minutes ago. You can make new capture of this URL after 730 hours, 30 minutes.
2023-12-14 18:52:59 https://kasary.fi/
The same snapshot had been made 80 hours, 27 minutes ago. You can make new capture of this URL after 730 hours, 30 minutes.
2023-12-14 18:53:01 https://www.gaylespol.es/
The same snapshot had been made 75 hours, 1 minute ago. You can make new capture of this URL after 730 hours, 30 minutes.
2023-12-14 18:53:04 https://www.redi-lgbti.org/
The same snapshot had been made 8 hours, 1 minute ago. You can make new capture of this URL after 730 hours, 30 minutes.
2023-12-14 18:53:08 https://coloniadiversa.org/
The same snapshot had been made 82 hours, 40 minutes ago. You can make new capture of this URL after 730 hours, 30 minutes.
2023-12-14 18:53:09 https://www.lila-bunt-zuelpich.de/
The same snapshot had been made 80 hours, 1 minute ago. You can make new capture of this URL after 730 hours, 30 minutes.
2023-12-14 18:53:13 https://www.ganymedes-lgbt.nl/
The same snapshot had been made 77 hours, 12 minutes ago. You can make new capture of this URL after 730 hours, 30 minutes.
2023-12-14 18:53:15 https://dav-goc.de/
The same snapshot had been made 94 hours, 47 minutes ago. You can make new capture of this URL after 730 hours, 30 minutes.
2023-12-14 18:53:18 https://www.certidiritti.org
The same snapshot had been made 86 hours, 29 minutes ago. You can make new capture of this URL after 730 hours, 30 minutes.
2023-12-14 18:53:26 http://www.lesben-nrw.de/
The same snapshot had been made 77 hours, 39 minutes ago. You can make new capture of this URL after 730 hours, 30 minutes.
2023-12-14 18:53:26 https://queeres-netzwerk.nrw/
The same snapshot had been made 105 hours, 37 minutes ago. You can make new capture of this URL after 730 hours, 30 minutes.
2023-12-14 18:53:47 https://lambda-online.de/
The same snapshot had been made 9 hours, 9 minutes ago. You can make new capture of this URL after 730 hours, 30 minutes.
2023-12-14 18:53:49 https://www.los.ch/
The same snapshot had been made 77 hours, 34 minutes ago. You can make new capture of this URL after 730 hours, 30 minutes.
2023-12-14 18:53:50 https://www.organisation-lesbienne.ch/
The same snapshot had been made 29 hours, 31 minutes ago. You can make new capture of this URL after 730 hours, 30 minutes.
2023-12-14 18:53:51 http://www.genitorirainbow.it
The same snapshot had been made 29 hours, 29 minutes ago. You can make new capture of this URL after 730 hours, 30 minutes.
2023-12-14 18:53:54 http://www.netzwerk-lsbttiq.net/
The same snapshot had been made 29 hours, 30 minutes ago. You can make new capture of this URL after 730 hours, 30 minutes.
2023-12-14 18:53:56 http://www.vlsp.de/
The same snapshot had been made 83 hours, 6 minutes ago. You can make new capture of this URL after 730 hours, 30 minutes.
2023-12-14 18:53:59 https://www.vk-online.de/
The same snapshot had been made 115 hours, 1 minute ago. You can make new capture of this URL after 730 hours, 30 minutes.
2023-12-14 18:54:01 https://www.velspol.de/
The same snapshot had been made 3 minutes ago. You can make new capture of this URL after 730 hours, 30 minutes.
2023-12-14 18:54:04 https://jamarchavas.pt/
The same snapshot had been made 77 hours, 31 minutes ago. You can make new capture of this URL after 730 hours, 30 minutes.
2023-12-14 18:54:07 https://safia-ev.de
The same snapshot had been made 80 hours, 25 minutes ago. You can make new capture of this URL after 730 hours, 30 minutes.
2023-12-14 18:54:17 http://www.lsu-online.de/
The same snapshot had been made 73 hours, 2 minutes ago. You can make new capture of this URL after 730 hours, 30 minutes.
2023-12-14 18:54:20 https://www.proutatwork.de/
The same snapshot had been made 73 hours, 7 minutes ago. You can make new capture of this URL after 730 hours, 30 minutes.
2023-12-14 18:55:02 https://www.arcigaymilano.org
The same snapshot had been made 74 hours, 2 minutes ago. You can make new capture of this URL after 730 hours, 30 minutes.
2023-12-14 18:55:03 http://www.agedonazionale.org/
The same snapshot had been made 76 hours, 2 minutes ago. You can make new capture of this URL after 730 hours, 30 minutes.
2023-12-14 18:55:06 http://www.aha-berlin.de/
The same snapshot had been made 79 hours, 59 minutes ago. You can make new capture of this URL after 730 hours, 30 minutes.
2023-12-14 18:55:07 https://arc-international.net
The same snapshot had been made 78 hours, 34 minutes ago. You can make new capture of this URL after 730 hours, 30 minutes.
2023-12-14 18:55:10 http://www.archiveshomo.info/
The same snapshot had been made 100 hours, 25 minutes ago. You can make new capture of this URL after 730 hours, 30 minutes.
2023-12-14 18:55:12 https://www.acceptess-t.com/
The same snapshot had been made 80 hours, 5 minutes ago. You can make new capture of this URL after 730 hours, 30 minutes.
2023-12-14 18:55:17 https://www.action-revolutionnaire.lgbt
The same snapshot had been made 80 hours, 35 minutes ago. You can make new capture of this URL after 730 hours, 30 minutes.
2023-12-14 18:55:25 https://www.aireana.org.py/
The same snapshot had been made 75 hours, 35 minutes ago. You can make new capture of this URL after 730 hours, 30 minutes.
2023-12-14 18:55:27 https://www.waldschloesschen.org/
The same snapshot had been made 89 hours, 30 minutes ago. You can make new capture of this URL after 730 hours, 30 minutes.
2023-12-14 18:55:30 http://www.al-fatiha.org/
The same snapshot had been made 76 hours, 55 minutes ago. You can make new capture of this URL after 730 hours, 30 minutes.
2023-12-14 18:55:32 https://allout.org/
The same snapshot had been made 78 hours, 34 minutes ago. You can make new capture of this URL after 730 hours, 30 minutes.
2023-12-14 18:55:38 http://www.anyway-koeln.de/jugendliche/
The same snapshot had been made 84 hours, 24 minutes ago. You can make new capture of this URL after 730 hours, 30 minutes.
2023-12-14 18:55:38 https://www.gaymalta.com
The same snapshot had been made 80 hours, 24 minutes ago. You can make new capture of this URL after 730 hours, 30 minutes.
2023-12-14 18:55:40 http://afemena.org/
The same snapshot had been made 76 hours, 35 minutes ago. You can make new capture of this URL after 730 hours, 30 minutes.
2023-12-14 18:56:03 https://archivotrans.ar/
The same snapshot had been made 82 hours, 8 minutes ago. You can make new capture of this URL after 730 hours, 30 minutes.
2023-12-14 18:56:24 https://www.arcigay.it
The same snapshot had been made 80 hours, 43 minutes ago. You can make new capture of this URL after 730 hours, 30 minutes.
2023-12-14 18:56:24 https://www.cassero.it
The same snapshot had been made 79 hours, 4 minutes ago. You can make new capture of this URL after 730 hours, 30 minutes.
2023-12-14 18:56:26 https://www.arcigayvarese.it
The same snapshot had been made 77 hours ago. You can make new capture of this URL after 730 hours, 30 minutes.
2023-12-14 18:56:28 http://www.arcilesbica.it
The same snapshot had been made 7 hours, 51 minutes ago. You can make new capture of this URL after 730 hours, 30 minutes.
2023-12-14 18:56:32 https://www.arcusfoundation.org
The same snapshot had been made 104 hours, 21 minutes ago. You can make new capture of this URL after 730 hours, 30 minutes.
2023-12-14 18:56:33 https://www.aromanticism.org/
The same snapshot had been made 78 hours, 57 minutes ago. You can make new capture of this URL after 730 hours, 30 minutes.
2023-12-14 18:56:36 http://www.asexuality.org/
The same snapshot had been made 84 hours, 30 minutes ago. You can make new capture of this URL after 730 hours, 30 minutes.
2023-12-14 18:56:38 http://www.msmasia.org/
The same snapshot had been made 109 hours, 44 minutes ago. You can make new capture of this URL after 730 hours, 30 minutes.
2023-12-14 18:56:41 https://www.abc-transidentite.fr
The same snapshot had been made 105 hours, 24 minutes ago. You can make new capture of this URL after 730 hours, 30 minutes.
2023-12-14 18:56:43 https://www.acthe.fr/
The same snapshot had been made 79 hours, 18 minutes ago. You can make new capture of this URL after 730 hours, 30 minutes.
2023-12-14 18:56:47 http://assoc.aat.free.fr/
The same snapshot had been made 84 hours, 38 minutes ago. You can make new capture of this URL after 730 hours, 30 minutes.
2023-12-14 18:56:49 https://ant-france.eu/
The same snapshot had been made 174 hours, 48 minutes ago. You can make new capture of this URL after 730 hours, 30 minutes.
2023-12-14 18:56:54 https://www.abglt.org/
The same snapshot had been made 7 hours, 51 minutes ago. You can make new capture of this URL after 730 hours, 30 minutes.
2023-12-14 18:56:54 http://www.arco.lgbt
The same snapshot had been made 74 hours, 6 minutes ago. You can make new capture of this URL after 730 hours, 30 minutes.
2023-12-14 18:56:56 http://www.ilga-portugal.pt
The same snapshot had been made 7 hours, 51 minutes ago. You can make new capture of this URL after 730 hours, 30 minutes.
2023-12-14 18:57:00 http://www.astraeafoundation.org/
The same snapshot had been made 86 hours, 13 minutes ago. You can make new capture of this URL after 730 hours, 30 minutes.
2023-12-14 18:57:02 https://www.athleteally.org/
The same snapshot had been made 76 hours, 54 minutes ago. You can make new capture of this URL after 730 hours, 30 minutes.
2023-12-14 18:57:25 http://alga.org.au/
The same snapshot had been made 273 hours, 13 minutes ago. You can make new capture of this URL after 730 hours, 30 minutes.
2023-12-14 18:57:26 https://aufklaerungsprojekt-muenchen.de
The same snapshot had been made 9 hours, 54 minutes ago. You can make new capture of this URL after 730 hours, 30 minutes.
2023-12-14 18:57:37 https://www.bine.net/
The same snapshot had been made 77 hours, 20 minutes ago. You can make new capture of this URL after 730 hours, 30 minutes.
2023-12-14 18:57:39 https://bigtata.org/
The same snapshot had been made 8 hours, 43 minutes ago. You can make new capture of this URL after 730 hours, 30 minutes.
2023-12-14 18:57:44 https://bilitis.org/en/
The same snapshot had been made 485 hours, 12 minutes ago. You can make new capture of this URL after 730 hours, 30 minutes.
2023-12-14 18:58:07 https://www.blackandpink.org/
The same snapshot had been made 78 hours, 29 minutes ago. You can make new capture of this URL after 730 hours, 30 minutes.
2023-12-14 18:58:38 http://www.blancomilano.it
The same snapshot had been made 29 hours, 30 minutes ago. You can make new capture of this URL after 730 hours, 30 minutes.
2023-12-14 18:58:42 https://www.blitz.club/
The same snapshot had been made 29 hours, 31 minutes ago. You can make new capture of this URL after 730 hours, 30 minutes.
2023-12-14 18:58:46 https://schwuleundalter.de/
The same snapshot had been made 79 hours, 33 minutes ago. You can make new capture of this URL after 730 hours, 30 minutes.
2023-12-14 18:58:46 http://queergruen.info/startseite/
The same snapshot had been made 76 hours, 55 minutes ago. You can make new capture of this URL after 730 hours, 30 minutes.
2023-12-14 18:58:49 http://www.cestpasmongenre.com
The same snapshot had been made 87 hours, 40 minutes ago. You can make new capture of this URL after 730 hours, 30 minutes.
2023-12-14 18:58:51 https://www.ccsseattle.com/
The same snapshot had been made 547 hours, 31 minutes ago. You can make new capture of this URL after 730 hours, 30 minutes.
2023-12-14 18:58:54 http://www.cogam.org
The same snapshot had been made 83 hours, 42 minutes ago. You can make new capture of this URL after 730 hours, 30 minutes.
2023-12-14 18:58:58 https://www.cafe-savoy.at/
The same snapshot had been made 241 hours, 50 minutes ago. You can make new capture of this URL after 730 hours, 30 minutes.
2023-12-14 18:58:59 https://www.savoy.at
Cannot resolve host www.savoy.at.
2023-12-14 18:59:01 http://casarosa.be/
The same snapshot had been made 84 hours, 26 minutes ago. You can make new capture of this URL after 730 hours, 30 minutes.
2023-12-14 18:59:04 https://www.centrelgbtilyon.org/
The same snapshot had been made 79 hours, 3 minutes ago. You can make new capture of this URL after 730 hours, 30 minutes.
2023-12-14 18:59:06 http://www.csgkoeln.org/
The same snapshot had been made 11 hours, 3 minutes ago. You can make new capture of this URL after 730 hours, 30 minutes.
2023-12-14 18:59:13 https://www.colage.org/
The same snapshot had been made 74 hours, 6 minutes ago. You can make new capture of this URL after 730 hours, 30 minutes.
2023-12-14 18:59:16 https://chrysalide-asso.fr/
The same snapshot had been made 83 hours, 2 minutes ago. You can make new capture of this URL after 730 hours, 30 minutes.
2023-12-14 18:59:19 http://www.mariomieli.org/
The same snapshot had been made 80 hours, 37 minutes ago. You can make new capture of this URL after 730 hours, 30 minutes.
2023-12-14 18:59:42 https://clubcummingnyc.com
The same snapshot had been made 82 hours, 25 minutes ago. You can make new capture of this URL after 730 hours, 30 minutes.
2023-12-14 18:59:49 http://www.colombiadiversa.org
The same snapshot had been made 83 hours, 30 minutes ago. You can make new capture of this URL after 730 hours, 30 minutes.
2023-12-14 18:59:51 http://www.cuffcomplex.com/
The same snapshot had been made 7 hours, 54 minutes ago. You can make new capture of this URL after 730 hours, 30 minutes.
2023-12-14 19:00:18 https://www.digayproject.it/
The same snapshot had been made 79 hours, 48 minutes ago. You can make new capture of this URL after 730 hours, 30 minutes.
2023-12-14 19:00:20 http://digitaltransgenderarchive.net
The same snapshot had been made 42 hours, 57 minutes ago. You can make new capture of this URL after 730 hours, 30 minutes.
2023-12-14 19:00:39 https://yhteys.org/
The same snapshot had been made 78 hours, 57 minutes ago. You can make new capture of this URL after 730 hours, 30 minutes.
2023-12-14 19:00:47 http://www.egale.ca
The same snapshot had been made 85 hours, 41 minutes ago. You can make new capture of this URL after 730 hours, 30 minutes.
2023-12-14 19:00:54 https://europeanlesbianconference.org/
The same snapshot had been made 76 hours, 22 minutes ago. You can make new capture of this URL after 730 hours, 30 minutes.
2023-12-14 19:00:56 https://www.exaequo.be/fr
The same snapshot had been made 5 hours, 43 minutes ago. You can make new capture of this URL after 730 hours, 30 minutes.
2023-12-14 19:01:00 http://www.famigliearcobaleno.org
The same snapshot had been made 86 hours, 17 minutes ago. You can make new capture of this URL after 730 hours, 30 minutes.
2023-12-14 19:01:37 https://www.fliederlich.de/
The same snapshot had been made 79 hours ago. You can make new capture of this URL after 730 hours, 30 minutes.
2023-12-14 19:01:39 https://equalitync.org/
The same snapshot had been made 7 hours, 54 minutes ago. You can make new capture of this URL after 730 hours, 30 minutes.
2023-12-14 19:01:44 https://forummuenchen.org/
The same snapshot had been made 9 hours, 58 minutes ago. You can make new capture of this URL after 730 hours, 30 minutes.
2023-12-14 19:01:53 https://www.fondationemergence.org/
The same snapshot had been made 77 hours, 45 minutes ago. You can make new capture of this URL after 730 hours, 30 minutes.
2023-12-14 19:02:53 http://fundaciontriangulo.org
The same snapshot had been made 77 hours, 28 minutes ago. You can make new capture of this URL after 730 hours, 30 minutes.
2023-12-14 19:02:56 https://www.fedetransinter.org
The same snapshot had been made 78 hours, 17 minutes ago. You can make new capture of this URL after 730 hours, 30 minutes.
2023-12-14 19:03:01 https://gdm.md
The same snapshot had been made 88 hours, 29 minutes ago. You can make new capture of this URL after 730 hours, 30 minutes.
2023-12-14 19:03:06 http://www.gapimny.org/
The same snapshot had been made 84 hours, 37 minutes ago. You can make new capture of this URL after 730 hours, 30 minutes.
2023-12-14 19:03:07 https://fundacioneddy.org/
The same snapshot had been made 82 hours, 16 minutes ago. You can make new capture of this URL after 730 hours, 30 minutes.
2023-12-14 19:03:10 http://www.couleursgaies.fr/
The same snapshot had been made 83 hours, 4 minutes ago. You can make new capture of this URL after 730 hours, 30 minutes.
2023-12-14 19:03:14 http://www.glsen.org
The same snapshot had been made 68 hours, 21 minutes ago. You can make new capture of this URL after 730 hours, 30 minutes.
2023-12-14 19:03:18 http://www.goproud.org/site/c.evKXIaONIlJcH/b.8476981/k.BE33/Home.htm
The same snapshot had been made 85 hours, 15 minutes ago. You can make new capture of this URL after 730 hours, 30 minutes.
2023-12-14 19:03:51 http://www.gaylib.org
The same snapshot had been made 74 hours, 25 minutes ago. You can make new capture of this URL after 730 hours, 30 minutes.
2023-12-14 19:03:53 http://geeksout.org/
The same snapshot had been made 114 hours, 29 minutes ago. You can make new capture of this URL after 730 hours, 30 minutes.
2023-12-14 19:03:55 https://www.genrespluriels.be
The same snapshot had been made 92 hours, 29 minutes ago. You can make new capture of this URL after 730 hours, 30 minutes.
2023-12-14 19:04:04 https://www.dgti.org/
The same snapshot had been made 80 hours, 24 minutes ago. You can make new capture of this URL after 730 hours, 30 minutes.
2023-12-14 19:04:05 http://www.sexologie.org
The same snapshot had been made 82 hours, 1 minute ago. You can make new capture of this URL after 730 hours, 30 minutes.
2023-12-14 19:04:30 https://gate.ngo/
The same snapshot had been made 74 hours, 39 minutes ago. You can make new capture of this URL after 730 hours, 30 minutes.
2023-12-14 19:05:11 https://www.arco-iris.org.br/
The same snapshot had been made 81 hours, 19 minutes ago. You can make new capture of this URL after 730 hours, 30 minutes.
2023-12-14 19:05:21 https://www.hosiwien.at/
The same snapshot had been made 30 hours, 7 minutes ago. You can make new capture of this URL after 730 hours, 30 minutes.
2023-12-14 19:05:22 http://www.lambdanachrichten.at
The same snapshot had been made 97 hours, 41 minutes ago. You can make new capture of this URL after 730 hours, 30 minutes.
2023-12-14 19:05:24 http://www.hositirol.at/
The same snapshot had been made 8 hours ago. You can make new capture of this URL after 730 hours, 30 minutes.
2023-12-14 19:05:26 http://www.milkfoundation.org/
The same snapshot had been made 30 hours, 6 minutes ago. You can make new capture of this URL after 730 hours, 30 minutes.
2023-12-14 19:05:29 http://havruta.org.il/
The same snapshot had been made 101 hours, 59 minutes ago. You can make new capture of this URL after 730 hours, 30 minutes.
2023-12-14 19:05:32 http://www.glma.org/
The same snapshot had been made 86 hours, 59 minutes ago. You can make new capture of this URL after 730 hours, 30 minutes.
2023-12-14 19:05:34 http://www.helem.net/
The same snapshot had been made 122 hours, 57 minutes ago. You can make new capture of this URL after 730 hours, 30 minutes.
2023-12-14 19:05:56 https://henriettahudson.com/
The same snapshot had been made 30 hours, 18 minutes ago. You can make new capture of this URL after 730 hours, 30 minutes.
2023-12-14 19:05:59 http://www.hetrozehuis.be/
The same snapshot had been made 96 hours, 37 minutes ago. You can make new capture of this URL after 730 hours, 30 minutes.
2023-12-14 19:06:02 https://www.hirschfeld-eddy-stiftung.de/
The same snapshot had been made 80 hours, 42 minutes ago. You can make new capture of this URL after 730 hours, 30 minutes.
2023-12-14 19:06:25 https://hes.lgbt/
The same snapshot had been made 78 hours, 43 minutes ago. You can make new capture of this URL after 730 hours, 30 minutes.
2023-12-14 19:06:25 http://www.hatter.hu/archivum
The same snapshot had been made 88 hours, 7 minutes ago. You can make new capture of this URL after 730 hours, 30 minutes.
2023-12-14 19:06:33 http://www.ilga-europe.org/
The same snapshot had been made 97 hours, 14 minutes ago. You can make new capture of this URL after 730 hours, 30 minutes.
2023-12-14 19:06:37 http://insight-ukraine.org/
The same snapshot had been made 82 hours, 36 minutes ago. You can make new capture of this URL after 730 hours, 30 minutes.
2023-12-14 19:06:41 http://interpride.org/
The same snapshot had been made 86 hours, 18 minutes ago. You can make new capture of this URL after 730 hours, 30 minutes.
2023-12-14 19:06:42 https://www.igfsu.org/
The same snapshot had been made 231 hours, 55 minutes ago. You can make new capture of this URL after 730 hours, 30 minutes.
2023-12-14 19:06:45 http://www.iglta.org
The same snapshot had been made 79 hours, 51 minutes ago. You can make new capture of this URL after 730 hours, 30 minutes.
2023-12-14 19:06:47 http://ilga.org/
The same snapshot had been made 78 hours, 12 minutes ago. You can make new capture of this URL after 730 hours, 30 minutes.
2023-12-14 19:06:50 https://ilga.org/es
The same snapshot had been made 105 hours, 33 minutes ago. You can make new capture of this URL after 730 hours, 30 minutes.
2023-12-14 19:07:12 https://ilga.org/fr
The same snapshot had been made 81 hours, 13 minutes ago. You can make new capture of this URL after 730 hours, 30 minutes.
2023-12-14 19:07:13 http://www.iglyo.com
The same snapshot had been made 84 hours, 16 minutes ago. You can make new capture of this URL after 730 hours, 30 minutes.
2023-12-14 19:07:15 https://www.interseksevlaanderen.be/
The same snapshot had been made 79 hours, 35 minutes ago. You can make new capture of this URL after 730 hours, 30 minutes.
2023-12-14 19:07:18 https://www.lgbt.org.il/
The same snapshot had been made 8 hours ago. You can make new capture of this URL after 730 hours, 30 minutes.
2023-12-14 19:07:20 http://www.jflag.org/
The same snapshot had been made 84 hours, 57 minutes ago. You can make new capture of this URL after 730 hours, 30 minutes.
2023-12-14 19:07:23 http://www.jqyouth.org/
The same snapshot had been made 30 hours, 13 minutes ago. You can make new capture of this URL after 730 hours, 30 minutes.
2023-12-14 19:07:27 https://occur.or.jp
The same snapshot had been made 76 hours, 9 minutes ago. You can make new capture of this URL after 730 hours, 30 minutes.
2023-12-14 19:07:31 https://joliba.de
The same snapshot had been made 106 hours, 5 minutes ago. You can make new capture of this URL after 730 hours, 30 minutes.
2023-12-14 19:07:53 http://mazerlesbianarchives.org/
The same snapshot had been made 94 hours, 24 minutes ago. You can make new capture of this URL after 730 hours, 30 minutes.
2023-12-14 19:07:56 http://www.kuchucollective.com//
Cannot resolve host www.kuchucollective.com.
2023-12-14 19:07:59 http://www.lgbtlabour.org.uk/
The same snapshot had been made 78 hours, 12 minutes ago. You can make new capture of this URL after 730 hours, 30 minutes.
2023-12-14 19:08:03 http://lgbt.libdems.org.uk/
The same snapshot had been made 76 hours, 40 minutes ago. You can make new capture of this URL after 730 hours, 30 minutes.
2023-12-14 19:08:04 https://aliancalgbti.org.br
The same snapshot had been made 81 hours, 15 minutes ago. You can make new capture of this URL after 730 hours, 30 minutes.
2023-12-14 19:08:07 https://www.lgbtigozo.com
The same snapshot had been made 79 hours, 19 minutes ago. You can make new capture of this URL after 730 hours, 30 minutes.
2023-12-14 19:08:29 http://www.LGBTory.co.uk/
The same snapshot had been made 82 hours, 36 minutes ago. You can make new capture of this URL after 730 hours, 30 minutes.
2023-12-14 19:08:29 http://www.lgbtory.ca/
The same snapshot had been made 8 hours, 1 minute ago. You can make new capture of this URL after 730 hours, 30 minutes.
2023-12-14 19:08:32 https://lmc-vienna.com
The same snapshot had been made 78 hours, 52 minutes ago. You can make new capture of this URL after 730 hours, 30 minutes.
2023-12-14 19:08:34 https://www.lsvd.de/
The same snapshot had been made 11 hours, 11 minutes ago. You can make new capture of this URL after 730 hours, 30 minutes.
2023-12-14 19:08:36 https://bayern.lsvd.de/
The same snapshot had been made 107 hours, 19 minutes ago. You can make new capture of this URL after 730 hours, 30 minutes.
2023-12-14 19:08:39 http://lanochepv.com
The same snapshot had been made 8 hours, 2 minutes ago. You can make new capture of this URL after 730 hours, 30 minutes.
2023-12-14 19:08:42 http://www.labris.org.rs/
The same snapshot had been made 96 hours, 35 minutes ago. You can make new capture of this URL after 730 hours, 30 minutes.
2023-12-14 19:08:47 https://lambdalv.com/
The same snapshot had been made 80 hours, 25 minutes ago. You can make new capture of this URL after 730 hours, 30 minutes.
2023-12-14 19:08:53 http://www.queen.fr/
Cannot resolve host www.queen.fr.
2023-12-14 19:08:54 https://www.studbar.com
The same snapshot had been made 29 hours, 35 minutes ago. You can make new capture of this URL after 730 hours, 30 minutes.
2023-12-14 19:08:59 http://www.tangoparis.com
The same snapshot had been made 505 hours, 17 minutes ago. You can make new capture of this URL after 730 hours, 30 minutes.
2023-12-14 19:09:01 http://www.boite-a-frissons.fr/
The same snapshot had been made 7 hours, 59 minutes ago. You can make new capture of this URL after 730 hours, 30 minutes.
2023-12-14 19:09:02 https://letra.de
The same snapshot had been made 11 hours, 5 minutes ago. You can make new capture of this URL after 730 hours, 30 minutes.
2023-12-14 19:09:04 https://www.lez-muenchen.de
The same snapshot had been made 10 hours, 48 minutes ago. You can make new capture of this URL after 730 hours, 30 minutes.
2023-12-14 19:09:48 https://www.leatherarchives.org/
The same snapshot had been made 27 hours, 39 minutes ago. You can make new capture of this URL after 730 hours, 30 minutes.
2023-12-14 19:09:48 https://lfc-online.de
The same snapshot had been made 79 hours, 15 minutes ago. You can make new capture of this URL after 730 hours, 30 minutes.
2023-12-14 19:09:53 https://www.legato-choirs.com
The same snapshot had been made 29 hours, 36 minutes ago. You can make new capture of this URL after 730 hours, 30 minutes.
2023-12-14 19:09:55 https://rainbold.fr/
The same snapshot had been made 82 hours, 4 minutes ago. You can make new capture of this URL after 730 hours, 30 minutes.
2023-12-14 19:09:58 https://www.grandscarmes.org/
The same snapshot had been made 92 hours, 38 minutes ago. You can make new capture of this URL after 730 hours, 30 minutes.
2023-12-14 19:10:00 http://www.devoiretmemoire.org/home.html
The same snapshot had been made 8 hours, 1 minute ago. You can make new capture of this URL after 730 hours, 30 minutes.
2023-12-14 19:10:03 https://rosa-alter.de/lesbensalon-sappho-goes-60
The same snapshot had been made 81 hours, 7 minutes ago. You can make new capture of this URL after 730 hours, 30 minutes.
2023-12-14 19:10:05 https://lesbenring.de/
The same snapshot had been made 82 hours, 7 minutes ago. You can make new capture of this URL after 730 hours, 30 minutes.
2023-12-14 19:10:10 http://www.lskh.de/
The same snapshot had been made 84 hours, 58 minutes ago. You can make new capture of this URL after 730 hours, 30 minutes.
2023-12-14 19:10:13 https://lilamunde.de
The same snapshot had been made 76 hours, 38 minutes ago. You can make new capture of this URL after 730 hours, 30 minutes.
2023-12-14 19:10:18 http://www.lgl.lt/
The same snapshot had been made 85 hours, 3 minutes ago. You can make new capture of this URL after 730 hours, 30 minutes.
2023-12-14 19:10:20 http://logcabin.org
The same snapshot had been made 95 hours, 6 minutes ago. You can make new capture of this URL after 730 hours, 30 minutes.
2023-12-14 19:10:28 http://www.maavarim.org/
The same snapshot had been made 76 hours, 7 minutes ago. You can make new capture of this URL after 730 hours, 30 minutes.
2023-12-14 19:10:35 https://liquium71.com/
Cannot resolve host liquium71.com.
2023-12-14 19:10:50 http://mh-stiftung.de/
The same snapshot had been made 100 hours, 35 minutes ago. You can make new capture of this URL after 730 hours, 30 minutes.
2023-12-14 19:10:51 http://macliege.be/
The same snapshot had been made 114 hours, 17 minutes ago. You can make new capture of this URL after 730 hours, 30 minutes.
2023-12-14 19:10:53 http://maltagayrights.org
The same snapshot had been made 8 hours, 3 minutes ago. You can make new capture of this URL after 730 hours, 30 minutes.
2023-12-14 19:10:59 https://melodiva.com
The same snapshot had been made 88 hours ago. You can make new capture of this URL after 730 hours, 30 minutes.
2023-12-14 19:11:03 https://www.minus18.org.au/
The same snapshot had been made 79 hours, 30 minutes ago. You can make new capture of this URL after 730 hours, 30 minutes.
2023-12-14 19:11:06 http://www.mit-italia.it
The same snapshot had been made 81 hours, 59 minutes ago. You can make new capture of this URL after 730 hours, 30 minutes.
2023-12-14 19:11:31 https://mummolaakso.fi/english/
The same snapshot had been made 79 hours, 8 minutes ago. You can make new capture of this URL after 730 hours, 30 minutes.
2023-12-14 19:11:32 https://munichkyivqueer.org
The same snapshot had been made 77 hours, 3 minutes ago. You can make new capture of this URL after 730 hours, 30 minutes.
2023-12-14 19:11:34 http://www.muslimalliance.org/
The same snapshot had been made 78 hours, 2 minutes ago. You can make new capture of this URL after 730 hours, 30 minutes.
2023-12-14 19:11:38 http://mutatis.mutandis.bdx.free.fr/
The same snapshot had been made 232 hours, 50 minutes ago. You can make new capture of this URL after 730 hours, 30 minutes.
2023-12-14 19:11:44 https://mummolaakso.fi
The same snapshot had been made 75 hours, 31 minutes ago. You can make new capture of this URL after 730 hours, 30 minutes.
2023-12-14 19:12:05 https://brrrazero.org/
The same snapshot had been made 9 hours, 2 minutes ago. You can make new capture of this URL after 730 hours, 30 minutes.
2023-12-14 19:12:07 http://deportation-homosexuelle.blogspot.com/
The same snapshot had been made 102 hours, 39 minutes ago. You can make new capture of this URL after 730 hours, 30 minutes.
2023-12-14 19:12:10 https://muenchner-regenbogen-stiftung.de
The same snapshot had been made 11 hours, 15 minutes ago. You can make new capture of this URL after 730 hours, 30 minutes.
2023-12-14 19:12:14 http://www.maenner-minne.de/
The same snapshot had been made 84 hours, 57 minutes ago. You can make new capture of this URL after 730 hours, 30 minutes.
2023-12-14 19:12:14 http://www.noh8campaign.com/
The same snapshot had been made 76 hours, 31 minutes ago. You can make new capture of this URL after 730 hours, 30 minutes.
2023-12-14 19:12:16 https://netzwerk-katholischer-lesben.de
The same snapshot had been made 82 hours, 24 minutes ago. You can make new capture of this URL after 730 hours, 30 minutes.
2023-12-14 19:12:19 https://www.memoire-sexualites.org/
The same snapshot had been made 78 hours, 28 minutes ago. You can make new capture of this URL after 730 hours, 30 minutes.
2023-12-14 19:12:20 https://one.usc.edu/
The same snapshot had been made 118 hours, 21 minutes ago. You can make new capture of this URL after 730 hours, 30 minutes.
2023-12-14 19:12:22 https://outrans.org/
The same snapshot had been made 77 hours, 57 minutes ago. You can make new capture of this URL after 730 hours, 30 minutes.
2023-12-14 19:12:25 http://www.oneiowa.org
The same snapshot had been made 92 hours, 57 minutes ago. You can make new capture of this URL after 730 hours, 30 minutes.
2023-12-14 19:12:32 https://nobinaries.es/
The same snapshot had been made 92 hours, 42 minutes ago. You can make new capture of this URL after 730 hours, 30 minutes.
2023-12-14 19:12:48 http://www.oppnamoderater.se/other-lang/english
The same snapshot had been made 85 hours, 21 minutes ago. You can make new capture of this URL after 730 hours, 30 minutes.
2023-12-14 19:12:48 https://ouesttrans.wixsite.com/
The same snapshot had been made 84 hours, 33 minutes ago. You can make new capture of this URL after 730 hours, 30 minutes.
2023-12-14 19:12:51 https://regis-pastt.asso-web.com/
The same snapshot had been made 91 hours, 55 minutes ago. You can make new capture of this URL after 730 hours, 30 minutes.
2023-12-14 19:12:59 https://www.pinkcross.ch/
The same snapshot had been made 77 hours, 10 minutes ago. You can make new capture of this URL after 730 hours, 30 minutes.
2023-12-14 19:13:03 http://www.ponyseattle.com
The same snapshot had been made 546 hours, 56 minutes ago. You can make new capture of this URL after 730 hours, 30 minutes.
2023-12-14 19:13:07 https://www.praguepride.cz/cs/
The same snapshot had been made 116 hours, 4 minutes ago. You can make new capture of this URL after 730 hours, 30 minutes.
2023-12-14 19:13:08 https://www.praguepride.cz/en/
The same snapshot had been made 76 hours, 19 minutes ago. You can make new capture of this URL after 730 hours, 30 minutes.
2023-12-14 19:13:10 http://www.likudpride.org.il/
Cannot resolve host www.likudpride.org.il.
2023-12-14 19:13:33 https://www.federation-prisme.be/
The same snapshot had been made 79 hours, 30 minutes ago. You can make new capture of this URL after 730 hours, 30 minutes.
2023-12-14 19:13:36 http://www.pulseorlandoclub.com
The same snapshot had been made 631 hours, 32 minutes ago. You can make new capture of this URL after 730 hours, 30 minutes.
2023-12-14 19:13:41 http://quarteera.de
The same snapshot had been made 82 hours, 59 minutes ago. You can make new capture of this URL after 730 hours, 30 minutes.
2023-12-14 19:13:45 http://agq.qc.ca/
The same snapshot had been made 102 hours, 11 minutes ago. You can make new capture of this URL after 730 hours, 30 minutes.
2023-12-14 19:14:07 https://queer-bayreuth.de/
The same snapshot had been made 78 hours, 7 minutes ago. You can make new capture of this URL after 730 hours, 30 minutes.
2023-12-14 19:14:09 http://www.queercy.org
The same snapshot had been made 8 hours, 5 minutes ago. You can make new capture of this URL after 730 hours, 30 minutes.
2023-12-14 19:14:12 https://queereducation.fr/
The same snapshot had been made 90 hours, 13 minutes ago. You can make new capture of this URL after 730 hours, 30 minutes.
2023-12-14 19:14:16 http://queermontenegro.org/
The same snapshot had been made 89 hours, 50 minutes ago. You can make new capture of this URL after 730 hours, 30 minutes.
2023-12-14 19:14:19 https://www.queerbw.de/
The same snapshot had been made 88 hours, 9 minutes ago. You can make new capture of this URL after 730 hours, 30 minutes.
2023-12-14 19:14:22 https://www.queerofficers.ch/
The same snapshot had been made 79 hours, 8 minutes ago. You can make new capture of this URL after 730 hours, 30 minutes.
2023-12-14 19:14:24 https://queerbeet.org
The same snapshot had been made 78 hours, 28 minutes ago. You can make new capture of this URL after 730 hours, 30 minutes.
2023-12-14 19:14:47 https://queerilla-singers.de
The same snapshot had been made 76 hours, 39 minutes ago. You can make new capture of this URL after 730 hours, 30 minutes.
2023-12-14 19:14:47 https://rainbowfoundation.co.kr/
The same snapshot had been made 77 hours, 52 minutes ago. You can make new capture of this URL after 730 hours, 30 minutes.
2023-12-14 19:14:50 https://www.rainbowsunrisemapambazuko.org/
The same snapshot had been made 79 hours, 23 minutes ago. You can make new capture of this URL after 730 hours, 30 minutes.
2023-12-14 19:14:52 http://rainbowhouse.be/
The same snapshot had been made 114 hours, 2 minutes ago. You can make new capture of this URL after 730 hours, 30 minutes.
2023-12-14 19:14:55 https://www.regenbooghuislimburg.be/
The same snapshot had been made 90 hours, 40 minutes ago. You can make new capture of this URL after 730 hours, 30 minutes.
2023-12-14 19:15:00 http://www.rosafunken.de/
The same snapshot had been made 80 hours, 28 minutes ago. You can make new capture of this URL after 730 hours, 30 minutes.
2023-12-14 19:15:03 https://www.rosakehlchen.de/
The same snapshot had been made 77 hours, 12 minutes ago. You can make new capture of this URL after 730 hours, 30 minutes.
2023-12-14 19:15:25 http://www.vauxhalltavern.com/
The same snapshot had been made 172 hours, 54 minutes ago. You can make new capture of this URL after 730 hours, 30 minutes.
2023-12-14 19:15:26 http://www.lgbtnet.ru/en/
The same snapshot had been made 82 hours, 34 minutes ago. You can make new capture of this URL after 730 hours, 30 minutes.
2023-12-14 19:15:30 http://www.sc-janus.de/
The same snapshot had been made 8 hours, 6 minutes ago. You can make new capture of this URL after 730 hours, 30 minutes.
2023-12-14 19:15:32 http://save.lgbt/
The same snapshot had been made 101 hours, 37 minutes ago. You can make new capture of this URL after 730 hours, 30 minutes.
2023-12-14 19:15:33 http://www.seta.fi
The same snapshot had been made 25 hours, 25 minutes ago. You can make new capture of this URL after 730 hours, 30 minutes.
2023-12-14 19:15:36 https://www.sos-homophobie.org/
The same snapshot had been made 78 hours, 42 minutes ago. You can make new capture of this URL after 730 hours, 30 minutes.
2023-12-14 19:15:43 http://sans.contrefacon.free.fr
The same snapshot had been made 79 hours, 48 minutes ago. You can make new capture of this URL after 730 hours, 30 minutes.
2023-12-14 19:15:43 https://www.sappho-stiftung.de/
The same snapshot had been made 78 hours, 19 minutes ago. You can make new capture of this URL after 730 hours, 30 minutes.
2023-12-14 19:16:06 https://schwulesmuseum.de
The same snapshot had been made 10 hours, 12 minutes ago. You can make new capture of this URL after 730 hours, 30 minutes.
2023-12-14 19:16:06 http://www.schwuhplattler.de/
The same snapshot had been made 83 hours, 45 minutes ago. You can make new capture of this URL after 730 hours, 30 minutes.
2023-12-14 19:16:09 https://spdqueer.spd.de
The same snapshot had been made 76 hours, 58 minutes ago. You can make new capture of this URL after 730 hours, 30 minutes.
2023-12-14 19:16:13 https://www.seouldragparade.com/
The same snapshot had been made 77 hours, 42 minutes ago. You can make new capture of this URL after 730 hours, 30 minutes.
2023-12-14 19:16:16 https://sexualminoritiesarchives.wordpress.com/
The same snapshot had been made 8 hours, 10 minutes ago. You can make new capture of this URL after 730 hours, 30 minutes.
2023-12-14 19:16:17 http://www.seattleeagle.com
The same snapshot had been made 211 hours, 20 minutes ago. You can make new capture of this URL after 730 hours, 30 minutes.
2023-12-14 19:17:12 http://www.stonewall.org.uk
The same snapshot had been made 8 hours, 10 minutes ago. You can make new capture of this URL after 730 hours, 30 minutes.
2023-12-14 19:17:13 https://www.stattgarde.de/
The same snapshot had been made 8 hours, 9 minutes ago. You can make new capture of this URL after 730 hours, 30 minutes.
2023-12-14 19:17:16 http://www.stonewalldemocrats.us/
The same snapshot had been made 75 hours, 27 minutes ago. You can make new capture of this URL after 730 hours, 30 minutes.
2023-12-14 19:17:18 https://www.stonewall-museum.org/
The same snapshot had been made 10 hours, 13 minutes ago. You can make new capture of this URL after 730 hours, 30 minutes.
2023-12-14 19:17:20 https://stopbzdurom.pl/
The same snapshot had been made 92 hours, 42 minutes ago. You can make new capture of this URL after 730 hours, 30 minutes.
2023-12-14 19:17:22 http://www.stud.cz
The same snapshot had been made 95 hours, 5 minutes ago. You can make new capture of this URL after 730 hours, 30 minutes.
2023-12-14 19:17:27 https://subonline.org
The same snapshot had been made 10 hours, 13 minutes ago. You can make new capture of this URL after 730 hours, 30 minutes.
2023-12-14 19:17:34 https://sonntags-club.de
The same snapshot had been made 105 hours, 40 minutes ago. You can make new capture of this URL after 730 hours, 30 minutes.
2023-12-14 19:17:36 http://www.sts67.org/
The same snapshot had been made 92 hours, 53 minutes ago. You can make new capture of this URL after 730 hours, 30 minutes.
2023-12-14 19:17:58 https://www.t-time.net/
The same snapshot had been made 102 hours, 34 minutes ago. You can make new capture of this URL after 730 hours, 30 minutes.
2023-12-14 19:18:00 https://taaap.org/
The same snapshot had been made 105 hours, 22 minutes ago. You can make new capture of this URL after 730 hours, 30 minutes.
2023-12-14 19:18:02 https://telsquels.be/
The same snapshot had been made 79 hours, 47 minutes ago. You can make new capture of this URL after 730 hours, 30 minutes.
2023-12-14 19:18:36 https://irscdei.org/
The same snapshot had been made 80 hours, 4 minutes ago. You can make new capture of this URL after 730 hours, 30 minutes.
2023-12-14 19:18:39 https://internationalcourtsystem.org/
The same snapshot had been made 87 hours, 55 minutes ago. You can make new capture of this URL after 730 hours, 30 minutes.
2023-12-14 19:19:02 https://legacyprojectchicago.org/
The same snapshot had been made 77 hours ago. You can make new capture of this URL after 730 hours, 30 minutes.
2023-12-14 19:19:05 http://lexingtonclub.com
The same snapshot had been made 585 hours, 15 minutes ago. You can make new capture of this URL after 730 hours, 30 minutes.
2023-12-14 19:19:51 https://www.theokraproject.com/
The same snapshot had been made 85 hours, 59 minutes ago. You can make new capture of this URL after 730 hours, 30 minutes.
2023-12-14 19:19:53 http://www.thephoenixlv.com/
The same snapshot had been made 8 hours, 14 minutes ago. You can make new capture of this URL after 730 hours, 30 minutes.
2023-12-14 19:19:59 http://transgenderarchives.uvic.ca/
The same snapshot had been made 74 hours, 8 minutes ago. You can make new capture of this URL after 730 hours, 30 minutes.
2023-12-14 19:20:00 https://skeivtarkiv.no/
The same snapshot had been made 73 hours, 33 minutes ago. You can make new capture of this URL after 730 hours, 30 minutes.
2023-12-14 19:20:03 https://tongaleiti.org/
The same snapshot had been made 79 hours, 42 minutes ago. You can make new capture of this URL after 730 hours, 30 minutes.
2023-12-14 19:20:04 https://skeivtarkiv.no/en
The same snapshot had been made 75 hours, 17 minutes ago. You can make new capture of this URL after 730 hours, 30 minutes.
2023-12-14 19:20:07 http://www.trans3.fr/
The same snapshot had been made 78 hours, 17 minutes ago. You can make new capture of this URL after 730 hours, 30 minutes.
2023-12-14 19:20:13 https://trans-inter-beratungsstelle.de/de
The same snapshot had been made 20 hours, 38 minutes ago. You can make new capture of this URL after 730 hours, 30 minutes.
2023-12-14 19:20:15 https://transhomosdz.org/
The same snapshot had been made 78 hours, 56 minutes ago. You can make new capture of this URL after 730 hours, 30 minutes.
2023-12-14 19:20:15 https://www.thewildrosebar.com/
The same snapshot had been made 166 hours, 16 minutes ago. You can make new capture of this URL after 730 hours, 30 minutes.
2023-12-14 19:20:37 https://www.tgeu.org/
The same snapshot had been made 89 hours, 40 minutes ago. You can make new capture of this URL after 730 hours, 30 minutes.
2023-12-14 19:20:38 https://www.translatinacoalition.org
The same snapshot had been made 82 hours, 17 minutes ago. You can make new capture of this URL after 730 hours, 30 minutes.
2023-12-14 19:20:38 https://tldef.org/
The same snapshot had been made 73 hours, 58 minutes ago. You can make new capture of this URL after 730 hours, 30 minutes.
2023-12-14 19:20:41 http://transgendervictoria.com
The same snapshot had been made 83 hours, 54 minutes ago. You can make new capture of this URL after 730 hours, 30 minutes.
2023-12-14 19:20:44 https://jsmetransparent.cz/
The same snapshot had been made 76 hours, 17 minutes ago. You can make new capture of this URL after 730 hours, 30 minutes.
2023-12-14 19:21:07 https://www.urgencehomophobie.com
The same snapshot had been made 78 hours, 58 minutes ago. You can make new capture of this URL after 730 hours, 30 minutes.
2023-12-14 19:21:07 https://www.unique-rbh.be/
The same snapshot had been made 86 hours, 53 minutes ago. You can make new capture of this URL after 730 hours, 30 minutes.
2023-12-14 19:21:10 http://vipa.brussels/
The same snapshot had been made 95 hours, 39 minutes ago. You can make new capture of this URL after 730 hours, 30 minutes.
2023-12-14 19:21:12 https://www.vorspiel-berlin.de/
The same snapshot had been made 75 hours, 12 minutes ago. You can make new capture of this URL after 730 hours, 30 minutes.
2023-12-14 19:21:18 http://www.weare.org.mt
Cannot resolve host www.weare.org.mt.
2023-12-14 19:21:21 https://weibrations.com
The same snapshot had been made 81 hours, 53 minutes ago. You can make new capture of this URL after 730 hours, 30 minutes.
2023-12-14 19:21:21 https://www.rebuswvl.be/
The same snapshot had been made 90 hours, 51 minutes ago. You can make new capture of this URL after 730 hours, 30 minutes.
2023-12-14 19:21:27 https://www.wpath.org/
The same snapshot had been made 78 hours, 13 minutes ago. You can make new capture of this URL after 730 hours, 30 minutes.
2023-12-14 19:21:33 https://archiveslgbtqi.fr/
The same snapshot had been made 91 hours, 15 minutes ago. You can make new capture of this URL after 730 hours, 30 minutes.
2023-12-14 19:21:34 https://daneben.be
The same snapshot had been made 78 hours, 53 minutes ago. You can make new capture of this URL after 730 hours, 30 minutes.
2023-12-14 19:21:57 https://www.rea.pt
The same snapshot had been made 78 hours, 14 minutes ago. You can make new capture of this URL after 730 hours, 30 minutes.
2023-12-14 19:21:57 https://rosa-alter.de
The same snapshot had been made 82 hours, 13 minutes ago. You can make new capture of this URL after 730 hours, 30 minutes.
2023-12-14 19:22:00 https://rubicon-koeln.de/
The same snapshot had been made 76 hours, 20 minutes ago. You can make new capture of this URL after 730 hours, 30 minutes.
2023-12-14 19:22:02 http://www.huk.org
The same snapshot had been made 81 hours, 49 minutes ago. You can make new capture of this URL after 730 hours, 30 minutes.
2023-12-14 19:22:25 https://cavaria.be/
The same snapshot had been made 107 hours, 25 minutes ago. You can make new capture of this URL after 730 hours, 30 minutes.
2023-12-14 19:22:30 https://maria-und-martha.de
The same snapshot had been made 77 hours, 3 minutes ago. You can make new capture of this URL after 730 hours, 30 minutes.
2025-08-08 06:31:50 http://action-antitransphobe.net/
You need to be logged in to use Save Page Now.
2025-08-08 06:31:52 http://admiral-duncan.co.uk/
You need to be logged in to use Save Page Now.
2025-08-08 06:31:54 http://afemena.org/
You need to be logged in to use Save Page Now.
2025-08-08 06:31:57 http://agedonazionale.org/
You need to be logged in to use Save Page Now.
2025-08-08 06:31:59 http://agq.qc.ca/
You need to be logged in to use Save Page Now.
2025-08-08 06:32:02 http://aha-berlin.de/
You need to be logged in to use Save Page Now.
2025-08-08 06:32:05 http://al-fatiha.org/
You need to be logged in to use Save Page Now.
2025-08-08 06:32:07 http://alga.org.au/
You need to be logged in to use Save Page Now.
2025-08-08 06:32:09 http://alohodc.com/
You need to be logged in to use Save Page Now.
2025-08-08 06:32:12 http://anyway-koeln.de/jugendliche/
You need to be logged in to use Save Page Now.
2025-08-08 06:32:15 http://archiveshomo.info/
You need to be logged in to use Save Page Now.
2025-08-08 06:32:17 http://arcilesbica.it
You need to be logged in to use Save Page Now.
2025-08-08 06:32:20 http://arco.lgbt
You need to be logged in to use Save Page Now.
2025-08-08 06:32:23 http://asexuality.org/
You need to be logged in to use Save Page Now.
2025-08-08 06:32:24 http://assoc.aat.free.fr/
You need to be logged in to use Save Page Now.
2025-08-08 06:32:27 http://astraeafoundation.org/
You need to be logged in to use Save Page Now.
2025-08-08 06:32:30 http://backdoorlv.com/
You need to be logged in to use Save Page Now.
2025-08-08 06:32:32 http://blancomilano.it
You need to be logged in to use Save Page Now.
2025-08-08 06:32:35 http://blsj.de/
You need to be logged in to use Save Page Now.
2025-08-08 06:32:37 http://boite-a-frissons.fr/
You need to be logged in to use Save Page Now.
2025-08-08 06:33:00 http://casarosa.be/
You need to be logged in to use Save Page Now.
2025-08-08 06:33:00 http://centaurus.org/
You need to be logged in to use Save Page Now.
2025-08-08 06:33:03 http://cestpasmongenre.com
You need to be logged in to use Save Page Now.
2025-08-08 06:33:05 http://chancesbar.com/
You need to be logged in to use Save Page Now.
2025-08-08 06:33:07 http://cogam.org
You need to be logged in to use Save Page Now.
2025-08-08 06:33:11 http://colombiadiversa.org
You need to be logged in to use Save Page Now.
2025-08-08 06:33:13 http://couleursgaies.fr/
You need to be logged in to use Save Page Now.
2025-08-08 06:33:16 http://csgkoeln.org/
You need to be logged in to use Save Page Now.
2025-08-08 06:33:18 http://cuffcomplex.com/
You need to be logged in to use Save Page Now.
2025-08-08 06:33:20 http://deportation-homosexuelle.blogspot.com/
You need to be logged in to use Save Page Now.
2025-08-08 06:33:23 http://devoiretmemoire.org/home.html
You need to be logged in to use Save Page Now.
2025-08-08 06:33:26 http://digitaltransgenderarchive.net
You need to be logged in to use Save Page Now.
2025-08-08 06:33:27 http://eagleportland.com
You need to be logged in to use Save Page Now.
2025-08-08 06:33:30 http://egale.ca
You need to be logged in to use Save Page Now.
2025-08-08 06:33:33 http://englishivys.com/
You need to be logged in to use Save Page Now.
2025-08-08 06:33:35 http://factorynightclub.com/
You need to be logged in to use Save Page Now.
2025-08-08 06:33:38 http://famigliearcobaleno.org
You need to be logged in to use Save Page Now.
2025-08-08 06:33:40 http://fondssuzandaniel.be
You need to be logged in to use Save Page Now.
2025-08-08 06:33:42 http://freezonelv.com/
You need to be logged in to use Save Page Now.
2025-08-08 06:33:45 http://fundaciontriangulo.org
You need to be logged in to use Save Page Now.
2025-08-08 06:34:08 http://g-a-y.co.uk
You need to be logged in to use Save Page Now.
2025-08-08 06:34:08 http://gala.co.za/index.htm
You need to be logged in to use Save Page Now.
2025-08-08 06:34:10 http://gapimny.org/
You need to be logged in to use Save Page Now.
2025-08-08 06:34:13 http://gaylib.org
You need to be logged in to use Save Page Now.
2025-08-08 06:34:16 http://gcam.org/
You need to be logged in to use Save Page Now.
2025-08-08 06:34:18 http://geeksout.org/
You need to be logged in to use Save Page Now.
2025-08-08 06:34:21 http://genitorirainbow.it
You need to be logged in to use Save Page Now.
2025-08-08 06:34:23 http://georgiesbarap.com
You need to be logged in to use Save Page Now.
2025-08-08 06:34:26 http://gerberhart.org/
You need to be logged in to use Save Page Now.
2025-08-08 06:34:28 http://glma.org/
You need to be logged in to use Save Page Now.
2025-08-08 06:34:30 http://glsen.org
You need to be logged in to use Save Page Now.
2025-08-08 06:34:33 http://goproud.org/site/c.evKXIaONIlJcH/b.8476981/k.BE33/Home.htm
You need to be logged in to use Save Page Now.
2025-08-08 06:34:35 http://hatter.hu/archivum
You need to be logged in to use Save Page Now.
2025-08-08 06:34:38 http://havruta.org.il/
You need to be logged in to use Save Page Now.
2025-08-08 06:34:40 http://helem.net/
You need to be logged in to use Save Page Now.
2025-08-08 06:34:43 http://hetrozehuis.be/
You need to be logged in to use Save Page Now.
2025-08-08 06:34:45 http://hositirol.at/
You need to be logged in to use Save Page Now.
2025-08-08 06:34:48 http://huk.org
You need to be logged in to use Save Page Now.
2025-08-08 06:34:50 http://iglta.org
You need to be logged in to use Save Page Now.
2025-08-08 06:34:53 http://iglyo.com
You need to be logged in to use Save Page Now.
2025-08-08 06:35:16 http://ihlia.nl
You need to be logged in to use Save Page Now.
2025-08-08 06:35:16 http://ilga-europe.org/
You need to be logged in to use Save Page Now.
2025-08-08 06:35:19 http://ilga-portugal.pt
You need to be logged in to use Save Page Now.
2025-08-08 06:35:21 http://ilga.org/
You need to be logged in to use Save Page Now.
2025-08-08 06:35:24 http://insight-ukraine.org/
You need to be logged in to use Save Page Now.
2025-08-08 06:35:26 http://interpride.org/
You need to be logged in to use Save Page Now.
2025-08-08 06:35:29 http://jflag.org/
You need to be logged in to use Save Page Now.
2025-08-08 06:35:31 http://joinershoreditch.com
You need to be logged in to use Save Page Now.
2025-08-08 06:35:33 http://jqyouth.org/
You need to be logged in to use Save Page Now.
2025-08-08 06:35:36 http://kravelasvegas.com/
You need to be logged in to use Save Page Now.
2025-08-08 06:35:39 http://kuchucollective.com//
You need to be logged in to use Save Page Now.
2025-08-08 06:35:41 http://labris.org.rs/
You need to be logged in to use Save Page Now.
2025-08-08 06:35:44 http://lachampmesle.fr/
You need to be logged in to use Save Page Now.
2025-08-08 06:35:46 http://lambdaarchives.org
You need to be logged in to use Save Page Now.
2025-08-08 06:35:49 http://lambdanachrichten.at
You need to be logged in to use Save Page Now.
2025-08-08 06:35:52 http://lanochepv.com
You need to be logged in to use Save Page Now.
2025-08-08 06:35:54 http://lesben-nrw.de/
You need to be logged in to use Save Page Now.
2025-08-08 06:35:57 http://lesbianherstoryarchives.org/
You need to be logged in to use Save Page Now.
2025-08-08 06:35:59 http://lexingtonclub.com
You need to be logged in to use Save Page Now.
2025-08-08 06:36:01 http://lgbt.libdems.org.uk/
You need to be logged in to use Save Page Now.
2025-08-08 06:36:24 http://lgbtlabour.org.uk/
You need to be logged in to use Save Page Now.
2025-08-08 06:36:25 http://lgbtnet.ru/en/
You need to be logged in to use Save Page Now.
2025-08-08 06:36:27 http://lgbtory.ca/
You need to be logged in to use Save Page Now.
2025-08-08 06:36:29 http://LGBTory.co.uk/
You need to be logged in to use Save Page Now.
2025-08-08 06:36:32 http://lgl.lt/
You need to be logged in to use Save Page Now.
2025-08-08 06:36:34 http://likudpride.org.il/
You need to be logged in to use Save Page Now.
2025-08-08 06:36:37 http://logcabin.org
You need to be logged in to use Save Page Now.
2025-08-08 06:36:39 http://londonpub.no/
You need to be logged in to use Save Page Now.
2025-08-08 06:36:42 http://lskh.de/
You need to be logged in to use Save Page Now.
2025-08-08 06:36:44 http://lsu-online.de/
You need to be logged in to use Save Page Now.
2025-08-08 06:36:47 http://maavarim.org/
You need to be logged in to use Save Page Now.
2025-08-08 06:36:49 http://macliege.be/
You need to be logged in to use Save Page Now.
2025-08-08 06:36:52 http://maenner-minne.de/
You need to be logged in to use Save Page Now.
2025-08-08 06:36:54 http://maltagayrights.org
You need to be logged in to use Save Page Now.
2025-08-08 06:36:57 http://mariomieli.org/
You need to be logged in to use Save Page Now.
2025-08-08 06:37:00 http://mazerlesbianarchives.org/
You need to be logged in to use Save Page Now.
2025-08-08 06:37:02 http://mh-stiftung.de/
You need to be logged in to use Save Page Now.
2025-08-08 06:37:04 http://milkfoundation.org/
You need to be logged in to use Save Page Now.
2025-08-08 06:37:08 http://mit-italia.it
You need to be logged in to use Save Page Now.
2025-08-08 06:37:09 http://msmasia.org/
You need to be logged in to use Save Page Now.
2025-08-08 06:37:32 http://mutatis.mutandis.bdx.free.fr/
You need to be logged in to use Save Page Now.
2025-08-08 06:37:32 http://muslimalliance.org/
You need to be logged in to use Save Page Now.
2025-08-08 06:37:35 http://mysistersroom.com/
You need to be logged in to use Save Page Now.
2025-08-08 06:37:38 http://netzwerk-lsbttiq.net/
You need to be logged in to use Save Page Now.
2025-08-08 06:37:40 http://noh8campaign.com/
You need to be logged in to use Save Page Now.
2025-08-08 06:37:42 http://oneiowa.org
You need to be logged in to use Save Page Now.
2025-08-08 06:37:45 http://oppnamoderater.se/other-lang/english
You need to be logged in to use Save Page Now.
2025-08-08 06:37:47 http://pearlhouston.com/
You need to be logged in to use Save Page Now.
2025-08-08 06:37:51 http://pittpegasus.com/
You need to be logged in to use Save Page Now.
2025-08-08 06:37:52 http://ponyseattle.com
You need to be logged in to use Save Page Now.
2025-08-08 06:37:55 http://pulseorlandoclub.com
You need to be logged in to use Save Page Now.
2025-08-08 06:37:57 http://qhalloffame.ca/
You need to be logged in to use Save Page Now.
2025-08-08 06:38:00 http://quarteera.de
You need to be logged in to use Save Page Now.
2025-08-08 06:38:02 http://queen.fr/
You need to be logged in to use Save Page Now.
2025-08-08 06:38:05 http://queercy.org
You need to be logged in to use Save Page Now.
2025-08-08 06:38:08 http://queergruen.info/startseite/
You need to be logged in to use Save Page Now.
2025-08-08 06:38:10 http://queermontenegro.org/
You need to be logged in to use Save Page Now.
2025-08-08 06:38:12 http://rainbowhouse.be/
You need to be logged in to use Save Page Now.
2025-08-08 06:38:15 http://risebarnyc.com/
You need to be logged in to use Save Page Now.
2025-08-08 06:38:18 http://rosafunken.de/
You need to be logged in to use Save Page Now.
2025-08-08 06:38:40 http://save.lgbt/
You need to be logged in to use Save Page Now.
2025-08-08 06:38:41 http://sans.contrefacon.free.fr
You need to be logged in to use Save Page Now.
2025-08-08 06:38:43 http://sc-janus.de/
You need to be logged in to use Save Page Now.
2025-08-08 06:38:45 http://schwuhplattler.de/
You need to be logged in to use Save Page Now.
2025-08-08 06:38:48 http://seattleeagle.com
You need to be logged in to use Save Page Now.
2025-08-08 06:38:50 http://seta.fi
You need to be logged in to use Save Page Now.
2025-08-08 06:38:53 http://sexologie.org
You need to be logged in to use Save Page Now.
2025-08-08 06:38:55 http://slammersbar.com/
You need to be logged in to use Save Page Now.
2025-08-08 06:38:58 http://spijkerbar.nl
You need to be logged in to use Save Page Now.
2025-08-08 06:39:00 http://stagpdx.com
You need to be logged in to use Save Page Now.
2025-08-08 06:39:03 http://stonewall.org.uk
You need to be logged in to use Save Page Now.
2025-08-08 06:39:05 http://stonewalldemocrats.us/
You need to be logged in to use Save Page Now.
2025-08-08 06:39:08 http://sts67.org/
You need to be logged in to use Save Page Now.
2025-08-08 06:39:11 http://stud.cz
You need to be logged in to use Save Page Now.
2025-08-08 06:39:15 http://tangoparis.com
You need to be logged in to use Save Page Now.
2025-08-08 06:39:16 http://sueellensdallas.com/
You need to be logged in to use Save Page Now.
2025-08-08 06:39:18 http://theblackcap.com/
You need to be logged in to use Save Page Now.
2025-08-08 06:39:20 http://thephoenixlv.com/
You need to be logged in to use Save Page Now.
2025-08-08 06:39:24 http://trans3.fr/
You need to be logged in to use Save Page Now.
2025-08-08 06:39:26 http://transgenderarchives.uvic.ca/
You need to be logged in to use Save Page Now.
2025-08-08 06:39:48 http://transgendervictoria.com
You need to be logged in to use Save Page Now.
2025-08-08 06:39:49 http://transinterqueer.org/
You need to be logged in to use Save Page Now.
2025-08-08 06:39:51 http://vauxhalltavern.com/
You need to be logged in to use Save Page Now.
2025-08-08 06:39:53 http://vipa.brussels/
You need to be logged in to use Save Page Now.
2025-08-08 06:39:56 http://vlsp.de/
You need to be logged in to use Save Page Now.
2025-08-08 06:40:01 http://weare.org.mt
You need to be logged in to use Save Page Now.
2025-08-08 06:40:01 http://xxl-london.com/
You need to be logged in to use Save Page Now.
2025-08-08 06:40:03 https://abc-transidentite.fr
You need to be logged in to use Save Page Now.
2025-08-08 06:40:08 https://abglt.org/
You need to be logged in to use Save Page Now.
2025-08-08 06:40:11 https://acceptess-t.com/
You need to be logged in to use Save Page Now.
2025-08-08 06:40:11 https://acthe.fr/
You need to be logged in to use Save Page Now.
2025-08-08 06:40:13 https://action-revolutionnaire.lgbt
You need to be logged in to use Save Page Now.
2025-08-08 06:40:16 https://admiral-duncan.co.uk/
You need to be logged in to use Save Page Now.
2025-08-08 06:40:19 https://agq.qc.ca/en/home/
You need to be logged in to use Save Page Now.
2025-08-08 06:40:22 https://aireana.org.py/
You need to be logged in to use Save Page Now.
2025-08-08 06:40:23 https://aliancalgbti.org.br
You need to be logged in to use Save Page Now.
2025-08-08 06:40:27 https://allout.org/
You need to be logged in to use Save Page Now.
2025-08-08 06:40:29 https://ant-france.eu/
You need to be logged in to use Save Page Now.
2025-08-08 06:40:31 https://arc-international.net
You need to be logged in to use Save Page Now.
2025-08-08 06:40:33 https://archiveslgbtqi.fr/
You need to be logged in to use Save Page Now.
2025-08-08 06:40:56 https://archivotrans.ar/
You need to be logged in to use Save Page Now.
2025-08-08 06:40:57 https://arcigay.it
You need to be logged in to use Save Page Now.
2025-08-08 06:41:00 https://arcigaymilano.org
You need to be logged in to use Save Page Now.
2025-08-08 06:41:01 https://arcigayvarese.it
You need to be logged in to use Save Page Now.
2025-08-08 06:41:04 https://arco-iris.org.br/
You need to be logged in to use Save Page Now.
2025-08-08 06:41:08 https://arcusfoundation.org
You need to be logged in to use Save Page Now.
2025-08-08 06:41:09 https://aromanticism.org/
You need to be logged in to use Save Page Now.
2025-08-08 06:41:12 https://arquives.ca/
You need to be logged in to use Save Page Now.
2025-08-08 06:41:15 https://athleteally.org/
You need to be logged in to use Save Page Now.
2025-08-08 06:41:18 https://aufklaerungsprojekt-muenchen.de
You need to be logged in to use Save Page Now.
2025-08-08 06:41:20 https://babesofcarytown.com/
You need to be logged in to use Save Page Now.
2025-08-08 06:41:21 https://badlandsbarlv.com/
You need to be logged in to use Save Page Now.
2025-08-08 06:41:24 https://barbuka.nl/
You need to be logged in to use Save Page Now.
2025-08-08 06:41:27 https://bayern.lsvd.de/
You need to be logged in to use Save Page Now.
2025-08-08 06:41:29 https://bigtata.org/
You need to be logged in to use Save Page Now.
2025-08-08 06:41:32 https://bilitis.org/
You need to be logged in to use Save Page Now.
2025-08-08 06:41:34 https://bilitis.org/en/
You need to be logged in to use Save Page Now.
2025-08-08 06:41:37 https://bine.net/
You need to be logged in to use Save Page Now.
2025-08-08 06:41:40 https://blackandpink.org/
You need to be logged in to use Save Page Now.
2025-08-08 06:41:42 https://blitz.club/
You need to be logged in to use Save Page Now.
2025-08-08 06:42:04 https://brrrazero.org/
You need to be logged in to use Save Page Now.
2025-08-08 06:42:05 https://bundesverband-trans.de/
You need to be logged in to use Save Page Now.
2025-08-08 06:42:07 https://cafe-savoy.at/
You need to be logged in to use Save Page Now.
2025-08-08 06:42:10 https://cafesaarein.nl
You need to be logged in to use Save Page Now.
2025-08-08 06:42:12 https://cassero.it
You need to be logged in to use Save Page Now.
2025-08-08 06:42:15 https://cavaria.be/
You need to be logged in to use Save Page Now.
2025-08-08 06:42:17 https://ccsseattle.com/
You need to be logged in to use Save Page Now.
2025-08-08 06:42:20 https://centralhjornet.dk/
You need to be logged in to use Save Page Now.
2025-08-08 06:42:22 https://centrelgbtilyon.org/
You need to be logged in to use Save Page Now.
2025-08-08 06:42:25 https://certidiritti.org
You need to be logged in to use Save Page Now.
2025-08-08 06:42:27 https://charlieslasvegas.com/
You need to be logged in to use Save Page Now.
2025-08-08 06:42:30 https://chrysalide-asso.fr/
You need to be logged in to use Save Page Now.
2025-08-08 06:42:33 https://clubcafe.com/
You need to be logged in to use Save Page Now.
2025-08-08 06:42:35 https://clubcummingnyc.com
You need to be logged in to use Save Page Now.
2025-08-08 06:42:37 https://clubherzmobileal.com/
You need to be logged in to use Save Page Now.
2025-08-08 06:42:40 https://clubqonline.com/
You need to be logged in to use Save Page Now.
2025-08-08 06:42:42 https://colage.org/
You need to be logged in to use Save Page Now.
2025-08-08 06:42:45 https://coloniadiversa.org/
You need to be logged in to use Save Page Now.
2025-08-08 06:42:47 https://daneben.be
You need to be logged in to use Save Page Now.
2025-08-08 06:42:50 https://dav-goc.de/
You need to be logged in to use Save Page Now.
2025-08-08 06:43:12 https://ddingdong.kr/
You need to be logged in to use Save Page Now.
2025-08-08 06:43:13 https://dgti.org/
You need to be logged in to use Save Page Now.
2025-08-08 06:43:15 https://dieselseattle.com/DIESEL.html
You need to be logged in to use Save Page Now.
2025-08-08 06:43:18 https://digayproject.it/
You need to be logged in to use Save Page Now.
2025-08-08 06:43:20 https://ehgam.eus/
You need to be logged in to use Save Page Now.
2025-08-08 06:43:23 https://equalitync.org/
You need to be logged in to use Save Page Now.
2025-08-08 06:43:25 https://europeanlesbianconference.org/
You need to be logged in to use Save Page Now.
2025-08-08 06:43:28 https://exaequo.be/en/
You need to be logged in to use Save Page Now.
2025-08-08 06:43:31 https://exaequo.be/fr
You need to be logged in to use Save Page Now.
2025-08-08 06:43:33 https://federation-prisme.be/
You need to be logged in to use Save Page Now.
2025-08-08 06:43:35 https://fedetransinter.org
You need to be logged in to use Save Page Now.
2025-08-08 06:43:39 https://flexlasvegas.com/
You need to be logged in to use Save Page Now.
2025-08-08 06:43:41 https://fliederlich.de/
You need to be logged in to use Save Page Now.
2025-08-08 06:43:44 https://fondationemergence.org/
You need to be logged in to use Save Page Now.
2025-08-08 06:43:46 https://forummuenchen.org/
You need to be logged in to use Save Page Now.
2025-08-08 06:43:48 https://fundacioneddy.org/
You need to be logged in to use Save Page Now.
2025-08-08 06:43:50 https://funhogranchlv.com/
You need to be logged in to use Save Page Now.
2025-08-08 06:43:53 https://ganymedes-lgbt.nl/
You need to be logged in to use Save Page Now.
2025-08-08 06:43:56 https://gate.ngo/
You need to be logged in to use Save Page Now.
2025-08-08 06:43:58 https://gaylespol.es/
You need to be logged in to use Save Page Now.
2025-08-08 06:44:20 https://gaymalta.com
You need to be logged in to use Save Page Now.
2025-08-08 06:44:21 https://gdm.md
You need to be logged in to use Save Page Now.
2025-08-08 06:44:23 https://genrespluriels.be
You need to be logged in to use Save Page Now.
2025-08-08 06:44:26 https://gipsyvegas.com/
You need to be logged in to use Save Page Now.
2025-08-08 06:44:28 https://grandscarmes.org/
You need to be logged in to use Save Page Now.
2025-08-08 06:44:31 https://gregsourplace.com/
You need to be logged in to use Save Page Now.
2025-08-08 06:44:33 https://grupogaydabahia.com.br/
You need to be logged in to use Save Page Now.
2025-08-08 06:44:36 https://henriettahudson.com/
You need to be logged in to use Save Page Now.
2025-08-08 06:44:38 https://hes.lgbt/
You need to be logged in to use Save Page Now.
2025-08-08 06:44:42 https://hirschfeld-eddy-stiftung.de/
You need to be logged in to use Save Page Now.
2025-08-08 06:44:43 https://hosiwien.at/
You need to be logged in to use Save Page Now.
2025-08-08 06:44:46 https://igfsu.org/
You need to be logged in to use Save Page Now.
2025-08-08 06:44:49 https://ihlia.nl/en/
You need to be logged in to use Save Page Now.
2025-08-08 06:44:51 https://ilga.org/es
You need to be logged in to use Save Page Now.
2025-08-08 06:44:53 https://ilga.org/fr
You need to be logged in to use Save Page Now.
2025-08-08 06:44:56 https://industry-bar.com
You need to be logged in to use Save Page Now.
2025-08-08 06:45:00 https://internationalcourtsystem.org/
You need to be logged in to use Save Page Now.
2025-08-08 06:45:01 https://interseksevlaanderen.be/
You need to be logged in to use Save Page Now.
2025-08-08 06:45:03 https://irscdei.org/
You need to be logged in to use Save Page Now.
2025-08-08 06:45:06 https://jamarchavas.pt/
You need to be logged in to use Save Page Now.
2025-08-08 06:45:28 https://joliba.de
You need to be logged in to use Save Page Now.
2025-08-08 06:45:29 https://jsmetransparent.cz/
You need to be logged in to use Save Page Now.
2025-08-08 06:45:33 https://kasary.fi/
You need to be logged in to use Save Page Now.
2025-08-08 06:45:35 https://lambda-online.de/
You need to be logged in to use Save Page Now.
2025-08-08 06:45:38 https://lambdalv.com/
You need to be logged in to use Save Page Now.
2025-08-08 06:45:39 https://lamutinerie.eu
You need to be logged in to use Save Page Now.
2025-08-08 06:45:41 https://leatherarchives.org/
You need to be logged in to use Save Page Now.
2025-08-08 06:45:44 https://lebaroufparis.com/
You need to be logged in to use Save Page Now.
2025-08-08 06:45:46 https://leccomilano.it
You need to be logged in to use Save Page Now.
2025-08-08 06:45:49 https://legacyprojectchicago.org/
You need to be logged in to use Save Page Now.
2025-08-08 06:45:51 https://legato-choirs.com
You need to be logged in to use Save Page Now.
2025-08-08 06:45:56 https://lesbenring.de/
You need to be logged in to use Save Page Now.
2025-08-08 06:45:59 https://letra.de
You need to be logged in to use Save Page Now.
2025-08-08 06:45:59 https://lez-muenchen.de
You need to be logged in to use Save Page Now.
2025-08-08 06:46:01 https://lfc-online.de
You need to be logged in to use Save Page Now.
2025-08-08 06:46:04 https://lgbt.org.il/
You need to be logged in to use Save Page Now.
2025-08-08 06:46:07 https://lgbtigozo.com
You need to be logged in to use Save Page Now.
2025-08-08 06:46:09 https://lib.umn.edu/tretter
You need to be logged in to use Save Page Now.
2025-08-08 06:46:13 https://lila-bunt-zuelpich.de/
You need to be logged in to use Save Page Now.
2025-08-08 06:46:14 https://lilamunde.de
You need to be logged in to use Save Page Now.
2025-08-08 06:46:37 https://liquium71.com/
You need to be logged in to use Save Page Now.
2025-08-08 06:46:39 https://lmc-vienna.com
You need to be logged in to use Save Page Now.
2025-08-08 06:46:39 https://los.ch/
You need to be logged in to use Save Page Now.
2025-08-08 06:46:43 https://loverbarpr.com/
You need to be logged in to use Save Page Now.
2025-08-08 06:46:44 https://lsvd.de/
You need to be logged in to use Save Page Now.
2025-08-08 06:46:47 https://lusbd.de/
You need to be logged in to use Save Page Now.
2025-08-08 06:46:49 https://maria-und-martha.de
You need to be logged in to use Save Page Now.
2025-08-08 06:46:52 https://melodiva.com
You need to be logged in to use Save Page Now.
2025-08-08 06:46:55 https://memoire-sexualites.org/
You need to be logged in to use Save Page Now.
2025-08-08 06:46:58 https://milchjugend.ch/
You need to be logged in to use Save Page Now.
2025-08-08 06:46:59 https://minus18.org.au/
You need to be logged in to use Save Page Now.
2025-08-08 06:47:02 https://muenchner-regenbogen-stiftung.de
You need to be logged in to use Save Page Now.
2025-08-08 06:47:05 https://mummolaakso.fi
You need to be logged in to use Save Page Now.
2025-08-08 06:47:07 https://mummolaakso.fi/english/
You need to be logged in to use Save Page Now.
2025-08-08 06:47:10 https://munichkyivqueer.org
You need to be logged in to use Save Page Now.
2025-08-08 06:47:12 https://netzwerk-katholischer-lesben.de
You need to be logged in to use Save Page Now.
2025-08-08 06:47:15 https://ngvt.nrw/
You need to be logged in to use Save Page Now.
2025-08-08 06:47:17 https://nobinaries.es/
You need to be logged in to use Save Page Now.
2025-08-08 06:47:20 https://occur.or.jp
You need to be logged in to use Save Page Now.
2025-08-08 06:47:22 https://one.usc.edu/
You need to be logged in to use Save Page Now.
2025-08-08 06:47:45 https://organisation-lesbienne.ch/
You need to be logged in to use Save Page Now.
2025-08-08 06:47:45 https://ouesttrans.wixsite.com/
You need to be logged in to use Save Page Now.
2025-08-08 06:47:48 https://outrans.org/
You need to be logged in to use Save Page Now.
2025-08-08 06:47:50 https://pinkcross.ch/
You need to be logged in to use Save Page Now.
2025-08-08 06:47:53 https://piranhavegas.com/
You need to be logged in to use Save Page Now.
2025-08-08 06:47:56 https://praguepride.cz/cs/
You need to be logged in to use Save Page Now.
2025-08-08 06:47:58 https://praguepride.cz/en/
You need to be logged in to use Save Page Now.
2025-08-08 06:48:00 https://proudlebanon.org/
You need to be logged in to use Save Page Now.
2025-08-08 06:48:03 https://proutatwork.de/
You need to be logged in to use Save Page Now.
2025-08-08 06:48:05 https://queer-bayreuth.de/
You need to be logged in to use Save Page Now.
2025-08-08 06:48:08 https://queerarchives.org.au/
You need to be logged in to use Save Page Now.
2025-08-08 06:48:10 https://queerbeet.org
You need to be logged in to use Save Page Now.
2025-08-08 06:48:13 https://queerbw.de/
You need to be logged in to use Save Page Now.
2025-08-08 06:48:17 https://queereducation.fr/
You need to be logged in to use Save Page Now.
2025-08-08 06:48:18 https://queeres-netzwerk.nrw/
You need to be logged in to use Save Page Now.
2025-08-08 06:48:20 https://queerilla-singers.de
You need to be logged in to use Save Page Now.
2025-08-08 06:48:24 https://queerofficers.ch/
You need to be logged in to use Save Page Now.
2025-08-08 06:48:25 https://queerpamet.cz/inpage/s-p-q-p/
You need to be logged in to use Save Page Now.
2025-08-08 06:48:29 https://qzap.org/v8/index.php/
You need to be logged in to use Save Page Now.
2025-08-08 06:48:30 https://rainbold.fr/
You need to be logged in to use Save Page Now.
2025-08-08 06:48:53 https://rainbowsunrisemapambazuko.org/
You need to be logged in to use Save Page Now.
2025-08-08 06:48:54 https://rainbowfoundation.co.kr/
You need to be logged in to use Save Page Now.
2025-08-08 06:48:57 https://rea.pt
You need to be logged in to use Save Page Now.
2025-08-08 06:48:58 https://rebuswvl.be/
You need to be logged in to use Save Page Now.
2025-08-08 06:49:01 https://redi-lgbti.org/
You need to be logged in to use Save Page Now.
2025-08-08 06:49:05 https://regenbooghuislimburg.be/
You need to be logged in to use Save Page Now.
2025-08-08 06:49:06 https://regis-pastt.asso-web.com/
You need to be logged in to use Save Page Now.
2025-08-08 06:49:08 https://rosa-alter.de
You need to be logged in to use Save Page Now.
2025-08-08 06:49:11 https://rosa-alter.de/lesbensalon-sappho-goes-60
You need to be logged in to use Save Page Now.
2025-08-08 06:49:13 https://rosakehlchen.de/
You need to be logged in to use Save Page Now.
2025-08-08 06:49:16 https://rubicon-koeln.de/
You need to be logged in to use Save Page Now.
2025-08-08 06:49:19 https://safia-ev.de
You need to be logged in to use Save Page Now.
2025-08-08 06:49:22 https://sappho-stiftung.de/
You need to be logged in to use Save Page Now.
2025-08-08 06:49:23 https://savoy.at
You need to be logged in to use Save Page Now.
2025-08-08 06:49:26 https://schwulesmuseum.de
You need to be logged in to use Save Page Now.
2025-08-08 06:49:29 https://schwuleundalter.de/
You need to be logged in to use Save Page Now.
2025-08-08 06:49:32 https://seouldragparade.com/
You need to be logged in to use Save Page Now.
2025-08-08 06:49:33 https://sexualminoritiesarchives.wordpress.com/
You need to be logged in to use Save Page Now.
2025-08-08 06:49:36 https://sites.google.com/site/astrapa/
You need to be logged in to use Save Page Now.
2025-08-08 06:49:38 https://skc.mk
You need to be logged in to use Save Page Now.
2025-08-08 06:50:01 https://skeivtarkiv.no/
You need to be logged in to use Save Page Now.
2025-08-08 06:50:01 https://skeivtarkiv.no/en
You need to be logged in to use Save Page Now.
2025-08-08 06:50:05 https://sonntags-club.de
You need to be logged in to use Save Page Now.
2025-08-08 06:50:06 https://sos-homophobie.org/
You need to be logged in to use Save Page Now.
2025-08-08 06:50:09 https://spdqueer.spd.de
You need to be logged in to use Save Page Now.
2025-08-08 06:50:11 https://spotlightlounge.com/
You need to be logged in to use Save Page Now.
2025-08-08 06:50:14 https://stattgarde.de/
You need to be logged in to use Save Page Now.
2025-08-08 06:50:16 https://stonewall-museum.org/
You need to be logged in to use Save Page Now.
2025-08-08 06:50:19 https://stopbzdurom.pl/
You need to be logged in to use Save Page Now.
2025-08-08 06:50:21 https://studbar.com
You need to be logged in to use Save Page Now.
2025-08-08 06:50:25 https://studsf.com/
You need to be logged in to use Save Page Now.
2025-08-08 06:50:26 https://subonline.org
You need to be logged in to use Save Page Now.
2025-08-08 06:50:30 https://t-time.net/
You need to be logged in to use Save Page Now.
2025-08-08 06:50:31 https://taaap.org/
You need to be logged in to use Save Page Now.
2025-08-08 06:50:35 https://telsquels.be/
You need to be logged in to use Save Page Now.
2025-08-08 06:50:36 https://tgeu.org/
You need to be logged in to use Save Page Now.
2025-08-08 06:50:40 https://theendupsf.com
You need to be logged in to use Save Page Now.
2025-08-08 06:50:42 https://thegaragelv.com/
You need to be logged in to use Save Page Now.
2025-08-08 06:50:44 https://thegeorge.ie/
You need to be logged in to use Save Page Now.
2025-08-08 06:50:47 https://thelasvegaslounge.com
You need to be logged in to use Save Page Now.
2025-08-08 06:51:09 https://theokraproject.com/
You need to be logged in to use Save Page Now.
2025-08-08 06:51:10 https://theoutwordsarchive.org/
You need to be logged in to use Save Page Now.
2025-08-08 06:51:12 https://thepembrokesw5.co.uk
You need to be logged in to use Save Page Now.
2025-08-08 06:51:14 https://thewildrosebar.com/
You need to be logged in to use Save Page Now.
2025-08-08 06:51:18 https://tldef.org/
You need to be logged in to use Save Page Now.
2025-08-08 06:51:19 https://tongaleiti.org/
You need to be logged in to use Save Page Now.
2025-08-08 06:51:23 https://trans-inter-beratungsstelle.de/de
You need to be logged in to use Save Page Now.
2025-08-08 06:51:24 https://transhomosdz.org/
You need to be logged in to use Save Page Now.
2025-08-08 06:51:27 https://translatinacoalition.org
You need to be logged in to use Save Page Now.
2025-08-08 06:51:31 https://transmann.de/
You need to be logged in to use Save Page Now.
2025-08-08 06:51:32 https://unique-rbh.be/
You need to be logged in to use Save Page Now.
2025-08-08 06:51:34 https://urgencehomophobie.com
You need to be logged in to use Save Page Now.
2025-08-08 06:51:37 https://velspol.de/
You need to be logged in to use Save Page Now.
2025-08-08 06:51:39 https://vk-online.de/
You need to be logged in to use Save Page Now.
2025-08-08 06:51:43 https://vorspiel-berlin.de/
You need to be logged in to use Save Page Now.
2025-08-08 06:51:45 https://waldschloesschen.org/
You need to be logged in to use Save Page Now.
2025-08-08 06:51:47 https://walkerspint.com/
You need to be logged in to use Save Page Now.
2025-08-08 06:51:49 https://weibrations.com
You need to be logged in to use Save Page Now.
2025-08-08 06:51:52 https://wildsidewest.com/
You need to be logged in to use Save Page Now.
2025-08-08 06:51:56 https://wpath.org/
You need to be logged in to use Save Page Now.
2025-08-08 06:52:17 https://yhteys.org/
You need to be logged in to use Save Page Now.
